Unity Editor version:    2022.3.8f1 (b5eafc012955)
Branch:                  2022.3/staging
Build type:              Release
Batch mode:              YES
System name:             Linux
Distro version:          #1 SMP PREEMPT_DYNAMIC Sat, 02 Sep 2023 14:51:30 +0000
Kernel version:          6.1.51-1-lts
Architecture:            x86_64
Available memory:        15910 MB
Using pre-set license
Pro License: YES
Unable to load libnotify
Desktop is 1600 x 900 @ 60 Hz
Initialize udev device monitor.

COMMAND LINE ARGUMENTS:
Unity
-adb2
-batchMode
-noUpm
-name
AssetImportWorker1
-projectPath
/home/black/GitHub/Mexico-Tycoon-Last
-logFile
Logs/AssetImportWorker1.log
-srvPort
44773
Successfully changed project path to: /home/black/GitHub/Mexico-Tycoon-Last
/home/black/GitHub/Mexico-Tycoon-Last
[UnityMemory] Configuration Parameters - Can be set up in boot.config
    "memorysetup-bucket-allocator-granularity=16"
    "memorysetup-bucket-allocator-bucket-count=8"
    "memorysetup-bucket-allocator-block-size=33554432"
    "memorysetup-bucket-allocator-block-count=8"
    "memorysetup-main-allocator-block-size=16777216"
    "memorysetup-thread-allocator-block-size=16777216"
    "memorysetup-gfx-main-allocator-block-size=16777216"
    "memorysetup-gfx-thread-allocator-block-size=16777216"
    "memorysetup-cache-allocator-block-size=4194304"
    "memorysetup-typetree-allocator-block-size=2097152"
    "memorysetup-profiler-bucket-allocator-granularity=16"
    "memorysetup-profiler-bucket-allocator-bucket-count=8"
    "memorysetup-profiler-bucket-allocator-block-size=33554432"
    "memorysetup-profiler-bucket-allocator-block-count=8"
    "memorysetup-profiler-allocator-block-size=16777216"
    "memorysetup-profiler-editor-allocator-block-size=1048576"
    "memorysetup-temp-allocator-size-main=16777216"
    "memorysetup-job-temp-allocator-block-size=2097152"
    "memorysetup-job-temp-allocator-block-size-background=1048576"
    "memorysetup-job-temp-allocator-reduction-small-platforms=262144"
    "memorysetup-allocator-temp-initial-block-size-main=262144"
    "memorysetup-allocator-temp-initial-block-size-worker=262144"
    "memorysetup-temp-allocator-size-background-worker=32768"
    "memorysetup-temp-allocator-size-job-worker=262144"
    "memorysetup-temp-allocator-size-preload-manager=33554432"
    "memorysetup-temp-allocator-size-nav-mesh-worker=65536"
    "memorysetup-temp-allocator-size-audio-worker=65536"
    "memorysetup-temp-allocator-size-cloud-worker=32768"
    "memorysetup-temp-allocator-size-gi-baking-worker=262144"
    "memorysetup-temp-allocator-size-gfx=262144"
GetLocalIP: Error during connect: Network is unreachable
Player connection [140066152858368] Host "[IP] 0.0.0.0 [Port] 0 [Flags] 2 [Guid] 2030898652 [EditorId] 2030898652 [Version] 1048832 [Id] LinuxEditor(16,0.0.0.0) [Debug] 1 [PackageName] LinuxEditor [ProjectName] Editor" joined multi-casting on [225.0.0.222:54997]...

Player connection [140066152858368] Host "[IP] 0.0.0.0 [Port] 0 [Flags] 2 [Guid] 2030898652 [EditorId] 2030898652 [Version] 1048832 [Id] LinuxEditor(16,0.0.0.0) [Debug] 1 [PackageName] LinuxEditor [ProjectName] Editor" joined alternative multi-casting on [225.0.0.222:34997]...

[Physics::Module] Initialized MultithreadedJobDispatcher with 3 workers.
Refreshing native plugins compatible for Editor in 27.88 ms, found 1 plugins.
Preloading 0 native plugins for Editor in 0.00 ms.
Initialize engine version: 2022.3.8f1 (b5eafc012955)
[Subsystems] Discovering subsystems at path /home/black/Unity/Hub/Editor/2022.3.8f1/Editor/Data/Resources/UnitySubsystems
[Subsystems] Discovering subsystems at path /home/black/GitHub/Mexico-Tycoon-Last/Assets
GLX Extensions: GLX_ARB_context_flush_control GLX_ARB_create_context GLX_ARB_create_context_no_error GLX_ARB_create_context_profile GLX_ARB_create_context_robustness GLX_ARB_fbconfig_float GLX_ARB_framebuffer_sRGB GLX_ARB_get_proc_address GLX_ARB_multisample GLX_EXT_buffer_age GLX_EXT_create_context_es2_profile GLX_EXT_create_context_es_profile GLX_EXT_fbconfig_packed_float GLX_EXT_framebuffer_sRGB GLX_EXT_no_config_context GLX_EXT_swap_control GLX_EXT_swap_control_tear GLX_EXT_texture_from_pixmap GLX_EXT_visual_info GLX_EXT_visual_rating GLX_INTEL_swap_event GLX_MESA_copy_sub_buffer GLX_MESA_query_renderer GLX_MESA_swap_control GLX_OML_swap_method GLX_OML_sync_control GLX_SGIS_multisample GLX_SGIX_fbconfig GLX_SGIX_pbuffer GLX_SGIX_visual_select_group GLX_SGI_make_current_read GLX_SGI_swap_control GLX_SGI_video_sync 
Renderer: Mesa Intel(R) HD Graphics 3000 (SNB GT2)
Vendor:   Intel
Version:  3.3 (Core Profile) Mesa 23.1.6-arch1.4
GLES:     0
 GL_3DFX_texture_compression_FXT1 GL_AMD_conservative_depth GL_AMD_draw_buffers_blend GL_AMD_performance_monitor GL_AMD_pinned_memory GL_AMD_seamless_cubemap_per_texture GL_AMD_shader_trinary_minmax GL_AMD_texture_texture4 GL_AMD_vertex_shader_layer GL_AMD_vertex_shader_viewport_index GL_ANGLE_texture_compression_dxt3 GL_ANGLE_texture_compression_dxt5 GL_ARB_ES2_compatibility GL_ARB_ES3_compatibility GL_ARB_arrays_of_arrays GL_ARB_base_instance GL_ARB_blend_func_extended GL_ARB_buffer_storage GL_ARB_clear_buffer_object GL_ARB_clear_texture GL_ARB_clip_control GL_ARB_compressed_texture_pixel_storage GL_ARB_conditional_render_inverted GL_ARB_conservative_depth GL_ARB_copy_buffer GL_ARB_copy_image GL_ARB_cull_distance GL_ARB_debug_output GL_ARB_depth_buffer_float GL_ARB_depth_clamp GL_ARB_direct_state_access GL_ARB_draw_buffers GL_ARB_draw_buffers_blend GL_ARB_draw_elements_base_vertex GL_ARB_draw_instanced GL_ARB_enhanced_layouts GL_ARB_explicit_attrib_location GL_ARB_explicit_uniform_location GL_ARB_fragment_
coord_conventions GL_ARB_fragment_layer_viewport GL_ARB_fragment_shader GL_ARB_framebuffer_object GL_ARB_framebuffer_sRGB GL_ARB_get_program_binary GL_ARB_get_texture_sub_image GL_ARB_half_float_pixel GL_ARB_half_float_vertex GL_ARB_instanced_arrays GL_ARB_internalformat_query GL_ARB_internalformat_query2 GL_ARB_invalidate_subdata GL_ARB_map_buffer_alignment GL_ARB_map_buffer_range GL_ARB_multi_bind GL_ARB_occlusion_query2 GL_ARB_parallel_shader_compile GL_ARB_pipeline_statistics_query GL_ARB_pixel_buffer_object GL_ARB_point_sprite GL_ARB_polygon_offset_clamp GL_ARB_program_interface_query GL_ARB_provoking_vertex GL_ARB_robustness GL_ARB_sample_shading GL_ARB_sampler_objects GL_ARB_seamless_cube_map GL_ARB_seamless_cubemap_per_texture GL_ARB_separate_shader_objects GL_ARB_shader_bit_encoding GL_ARB_shader_draw_parameters GL_ARB_shader_group_vote GL_ARB_shader_objects GL_ARB_shader_subroutine GL_ARB_shader_texture_lod GL_ARB_shader_viewport_layer_array GL_ARB_shading_language_420pack GL_ARB_shading_language_i
nclude GL_ARB_shading_language_packing GL_ARB_sync GL_ARB_texture_barrier GL_ARB_texture_buffer_object GL_ARB_texture_buffer_object_rgb32 GL_ARB_texture_buffer_range GL_ARB_texture_compression_bptc GL_ARB_texture_compression_rgtc GL_ARB_texture_cube_map_array GL_ARB_texture_filter_anisotropic GL_ARB_texture_float GL_ARB_texture_gather GL_ARB_texture_mirror_clamp_to_edge GL_ARB_texture_multisample GL_ARB_texture_non_power_of_two GL_ARB_texture_query_levels GL_ARB_texture_query_lod GL_ARB_texture_rectangle GL_ARB_texture_rg GL_ARB_texture_rgb10_a2ui GL_ARB_texture_storage GL_ARB_texture_storage_multisample GL_ARB_texture_swizzle GL_ARB_timer_query GL_ARB_transform_feedback2 GL_ARB_transform_feedback_instanced GL_ARB_transform_feedback_overflow_query GL_ARB_uniform_buffer_object GL_ARB_vertex_array_bgra GL_ARB_vertex_array_object GL_ARB_vertex_attrib_binding GL_ARB_vertex_buffer_object GL_ARB_vertex_shader GL_ARB_vertex_type_10f_11f_11f_rev GL_ARB_vertex_type_2_10_10_10_rev GL_ARB_viewport_array GL_ATI_blend_eq
uation_separate GL_ATI_texture_float GL_EXT_EGL_image_storage GL_EXT_EGL_sync GL_EXT_abgr GL_EXT_blend_equation_separate GL_EXT_debug_label GL_EXT_demote_to_helper_invocation GL_EXT_draw_buffers2 GL_EXT_draw_instanced GL_EXT_framebuffer_blit GL_EXT_framebuffer_multisample GL_EXT_framebuffer_multisample_blit_scaled GL_EXT_framebuffer_object GL_EXT_framebuffer_sRGB GL_EXT_packed_depth_stencil GL_EXT_packed_float GL_EXT_pixel_buffer_object GL_EXT_polygon_offset_clamp GL_EXT_provoking_vertex GL_EXT_semaphore GL_EXT_semaphore_fd GL_EXT_shader_framebuffer_fetch_non_coherent GL_EXT_shader_integer_mix GL_EXT_texture_array GL_EXT_texture_compression_dxt1 GL_EXT_texture_compression_rgtc GL_EXT_texture_compression_s3tc GL_EXT_texture_filter_anisotropic GL_EXT_texture_integer GL_EXT_texture_sRGB GL_EXT_texture_sRGB_R8 GL_EXT_texture_sRGB_decode GL_EXT_texture_shadow_lod GL_EXT_texture_shared_exponent GL_EXT_texture_snorm GL_EXT_texture_swizzle GL_EXT_timer_query GL_EXT_transform_feedback GL_EXT_vertex_array_bgra GL_IBM_
multimode_draw_arrays GL_INTEL_blackhole_render GL_INTEL_performance_query GL_KHR_blend_equation_advanced GL_KHR_context_flush_control GL_KHR_debug GL_KHR_no_error GL_KHR_parallel_shader_compile GL_KHR_texture_compression_astc_ldr GL_KHR_texture_compression_astc_sliced_3d GL_MESA_pack_invert GL_MESA_shader_integer_functions GL_MESA_texture_signed_rgba GL_NV_conditional_render GL_NV_copy_image GL_NV_depth_clamp GL_NV_packed_depth_stencil GL_NV_texture_barrier GL_OES_EGL_image GL_S3_s3tc
OPENGL LOG: Creating OpenGL 3.3 graphics device ; Context level  <OpenGL 3.3> ; Context handle 44796400
Initialize mono
Mono path[0] = '/home/black/Unity/Hub/Editor/2022.3.8f1/Editor/Data/Managed'
Mono path[1] = '/home/black/Unity/Hub/Editor/2022.3.8f1/Editor/Data/MonoBleedingEdge/lib/mono/unityjit-linux'
Mono config path = '/home/black/Unity/Hub/Editor/2022.3.8f1/Editor/Data/MonoBleedingEdge/etc'
Using monoOptions --debugger-agent=transport=dt_socket,embedding=1,server=y,suspend=n,address=127.0.0.1:56232
Begin MonoManager ReloadAssembly
Registering precompiled unity dll's ...
Register platform support module: /home/black/Unity/Hub/Editor/2022.3.8f1/Editor/Data/PlaybackEngines/LinuxStandaloneSupport/UnityEditor.LinuxStandalone.Extensions.dll
Registered in 0.031389 seconds.
- Loaded All Assemblies, in  1.454 seconds
Native extension for LinuxStandalone target not found
Mono: successfully reloaded assembly
- Finished resetting the current domain, in  1.446 seconds
Domain Reload Profiling: 2911ms
	BeginReloadAssembly (270ms)
		ExecutionOrderSort (0ms)
		DisableScriptedObjects (0ms)
		BackupInstance (0ms)
		ReleaseScriptingObjects (0ms)
		CreateAndSetChildDomain (3ms)
	RebuildCommonClasses (166ms)
	RebuildNativeTypeToScriptingClass (39ms)
	initialDomainReloadingComplete (318ms)
	LoadAllAssembliesAndSetupDomain (670ms)
		LoadAssemblies (266ms)
		RebuildTransferFunctionScriptingTraits (0ms)
		AnalyzeDomain (655ms)
			TypeCache.Refresh (652ms)
				TypeCache.ScanAssembly (576ms)
			ScanForSourceGeneratedMonoScriptInfo (1ms)
			ResolveRequiredComponents (2ms)
	FinalizeReload (1448ms)
		ReleaseScriptCaches (0ms)
		RebuildScriptCaches (0ms)
		SetupLoadedEditorAssemblies (1085ms)
			LogAssemblyErrors (0ms)
			InitializePlatformSupportModulesInManaged (151ms)
			SetLoadedEditorAssemblies (34ms)
			RefreshPlugins (0ms)
			BeforeProcessingInitializeOnLoad (19ms)
			ProcessInitializeOnLoadAttributes (623ms)
			ProcessInitializeOnLoadMethodAttributes (258ms)
			AfterProcessingInitializeOnLoad (0ms)
			EditorAssembliesLoaded (0ms)
		ExecutionOrderSort2 (0ms)
		AwakeInstancesAfterBackupRestoration (0ms)
========================================================================
Worker process is ready to serve import requests
Begin MonoManager ReloadAssembly
Symbol file LoadedFromMemory is not a mono symbol file
- Loaded All Assemblies, in  1.896 seconds
Refreshing native plugins compatible for Editor in 6.05 ms, found 1 plugins.
Native extension for LinuxStandalone target not found
Package Manager log level set to [2]
[Package Manager] Server::EnsureServerProcessIsRunning -- launch failed, reason: Unity was launched with the -noUpm command-line argument
[Package Manager] UpmClient::Send -- Unable to send message (not connected to UPM process).
[Package Manager] Cannot connect to Unity Package Manager local server
Launched and connected shader compiler UnityShaderCompiler after 0.03 seconds
Mono: successfully reloaded assembly
- Finished resetting the current domain, in  3.476 seconds
Domain Reload Profiling: 5370ms
	BeginReloadAssembly (362ms)
		ExecutionOrderSort (0ms)
		DisableScriptedObjects (21ms)
		BackupInstance (0ms)
		ReleaseScriptingObjects (0ms)
		CreateAndSetChildDomain (64ms)
	RebuildCommonClasses (133ms)
	RebuildNativeTypeToScriptingClass (33ms)
	initialDomainReloadingComplete (124ms)
	LoadAllAssembliesAndSetupDomain (1240ms)
		LoadAssemblies (751ms)
		RebuildTransferFunctionScriptingTraits (0ms)
		AnalyzeDomain (634ms)
			TypeCache.Refresh (549ms)
				TypeCache.ScanAssembly (508ms)
			ScanForSourceGeneratedMonoScriptInfo (70ms)
			ResolveRequiredComponents (14ms)
	FinalizeReload (3478ms)
		ReleaseScriptCaches (0ms)
		RebuildScriptCaches (0ms)
		SetupLoadedEditorAssemblies (2976ms)
			LogAssemblyErrors (0ms)
			InitializePlatformSupportModulesInManaged (62ms)
			SetLoadedEditorAssemblies (15ms)
			RefreshPlugins (0ms)
			BeforeProcessingInitializeOnLoad (186ms)
			ProcessInitializeOnLoadAttributes (1456ms)
			ProcessInitializeOnLoadMethodAttributes (1245ms)
			AfterProcessingInitializeOnLoad (11ms)
			EditorAssembliesLoaded (1ms)
		ExecutionOrderSort2 (0ms)
		AwakeInstancesAfterBackupRestoration (10ms)
Refreshing native plugins compatible for Editor in 6.77 ms, found 1 plugins.
Preloading 0 native plugins for Editor in 0.00 ms.
Unloading 5593 Unused Serialized files (Serialized files now loaded: 0)
Unloading 92 unused Assets / (425.7 KB). Loaded Objects now: 6108.
Memory consumption went from 180.1 MB to 179.7 MB.
Total: 53.333232 ms (FindLiveObjects: 0.544608 ms CreateObjectMapping: 0.402989 ms MarkObjects: 51.833881 ms  DeleteObjects: 0.548036 ms)

AssetImportParameters requested are different than current active one (requested -> active):
  custom:container-demuxer-ogg: 62fdf1f143b41e24485cea50d1cbac27 -> 
  custom:video-decoder-ogg-theora: a1e56fd34408186e4bbccfd4996cb3dc -> 
  custom:scripting/monoscript/fileName/IBuildingMonitorEnergy.cs: 4ffe77d8aa3c87085e03141569a3ed13 -> 06b831d380debb0ec0f699a9ddf0d1bb
  custom:scripting/monoscript/fileName/BuildingSeaPort.cs: aa5e8e89526962d9c4bcf2d5996b2bbe -> c88a707282d93ac8b0347d501af0ea22
  custom:scripting/monoscript/fileName/BuildingAerodrome.cs: 7cb58f8d7df59dbd10fdba22de17584c -> c00d798f695b533871137840f71c1ae4
  custom:scripting/monoscript/fileName/BuildingControl.cs: 87c56d8eed48dd646a9279778438e064 -> 6db9d0aa861069f2789d9173ec68bc8e
  custom:CustomObjectIndexerAttribute: 306bfa6df2d96854e1ebb52f3ddacab7 -> 
  custom:scripting/monoscript/fileName/BuildingMonitorEnergy.cs: 299a4d52ac876c48f797728467902698 -> 2106f9612d5f91de4c7d352de0dde2ea
  custom:container-demuxer-webm: 4f35f7cbe854078d1ac9338744f61a02 -> 
  custom:scripting/monoscript/fileName/RouteBuilderControl.cs: 3cbb7204704c80ebc3a28cd2e391c25a -> 098fd5a0fa3efd7128942a5e6955a126
  custom:scripting/monoscript/fileName/BuildingStock.cs: 8bcf47d0c7fc211e72211b947200b489 -> 52343860fae15eb6eb5dedafc3eeff05
  custom:scripting/monoscript/fileName/BuildingFarm.cs: 5c29c07bd8678ffcac23de6e43393617 -> 93bf831e6747613b58121a9c35b8bd7b
  custom:scripting/monoscript/fileName/ConfigBuildingAerodromeEditor.cs: ffe00feafdddd29fe0fb373f82385c74 -> 8636051c4c48faaa160757857ef435fb
  custom:container-muxer-webm: aa71ff27fc2769a1b78a27578f13a17b -> 
  custom:video-decoder-webm-vp8: 9c59270c3fd7afecdb556c50c9e8de78 -> 
  custom:SearchIndexIgnoredProperties: e643bd26f0fe6173181afceb89e7c659 -> 
  custom:AudioImporter_EditorPlatform: 2f0ff77a95e0ac474e3e8eeba4e2f7cb -> 
  custom:scripting/monoscript/fileName/IBuilding.cs: 98cbf682db22b12e28ebe9d970640575 -> 494e67411aa8ce5ab531fb1beaf09db2
  custom:scripting/monoscript/fileName/IBuildingJobStatus.cs: 03945a3784e182b39e7dbe610767c095 -> 6b0601ef70b8ff44f11134e6e3872c6e
  custom:scripting/monoscript/fileName/BuildingBorderMarket.cs: b321ca6b94bd049e91cbc5720ef372d6 -> de685576eab7d4c8a13d3586c7590bf8
  custom:scripting/monoscript/fileName/ConfigBuildingFabricEditor.cs: a4bc31141afa7899362bdf39d35ab936 -> 3c510ffd33dfa53d2b5255584ad019d0
  custom:scripting/monoscript/fileName/ConfigBuildingBorderEditor.cs: 12044aa8ab62ae24cbddb53288d37e6a -> 0ac137042bfd06fda2fd2227c6ebb2b4
  custom:scripting/monoscript/fileName/CityPopulationReproduction.cs: e334140bb9d311dc888a5eb53913ad88 -> 2189c08557bab35d5dd1d4d83cc12f1b
  custom:video-encoder-webm-vp8: eb34c28f22e8b96e1ab97ce403110664 -> 
  custom:scripting/monoscript/fileName/IBuildingPurchased.cs: 2f5a15a18d833ebda778318a50e2ac45 -> a8a1581b055d00f585148229da6f5b18
  custom:scripting/monoscript/fileName/IChangedFarmType.cs: 3ea5da0162922298d56ef415d4052be8 -> e174619f746fae3748b81e0135bc87bd
  custom:audio-decoder-ogg-vorbis: bf7c407c2cedff20999df2af8eb42d56 -> 
  custom:scripting/monoscript/fileName/BuildingBorder.cs: bfbc6316f814e1c7a055a55a79399ba6 -> 4054148fbc7a75270aad07f910599969
  custom:scripting/monoscript/fileName/ConfigBuildingSeaPortEditor.cs: eb443454aeaad3b9e2c7e48e4f6e2725 -> 27829fc474f0da862faf445eb44e769a
  custom:scripting/monoscript/fileName/BuildingCity.cs: 6cbeaf0f142b302771f49f537c1ae887 -> 575f45f824575b8cd9066e562cb09a5e
  custom:scripting/monoscript/fileName/IBuildingBorderMarket.cs: 594161a32b559d878a1f05a2abd0e210 -> 5b250884df4260da51fdf978e5ecd7c6
  custom:scripting/monoscript/fileName/ConfigBuildingCityEditor.cs: 829b70d1622342e6f08ea9dae7c33287 -> f6ad22e3eeb7f240b987d3b4538f38b2
  custom:scripting/monoscript/fileName/IEnergyConsumption.cs: 0c6fcf6ee264ab17ae5c9f717328171d -> 186ad48b45242281a312e918837a8e1e
  custom:audio-encoder-webm-vorbis: bf7c407c2cedff20999df2af8eb42d56 -> 
  custom:scripting/monoscript/fileName/CitySellDrugs.cs: bd219b73de04a48a50e9d54442a2e404 -> 
  custom:scripting/monoscript/fileName/ConfigBuildingStockEditor.cs: f5f4aa65a2c72e600ba61f0d04e148df -> 94299be7aa884ddbde343ac37ce7d088
  custom:scripting/monoscript/fileName/ConfigBuildingFarmEditor.cs: 1f1288b47496ecb1368df13af3530777 -> 18bb90b870db91270e95b9268d18b4ca
  custom:scripting/precompiled-assembly-types:Assembly-CSharp: f1008ac7e6038bcf20f0518a8e109002 -> d63beb996108e153e792405decc96986
  custom:scripting/monoscript/fileName/BuildingFabric.cs: 55cdb367028f97295af15643754e90b2 -> d1dda8ab7d19177659cac33de1f0f5f1
  custom:scripting/monoscript/fileName/ListContainsIndexExtension.cs:  -> 1009cbd1e1644edc37b0ed72b45735cb
========================================================================
Received Prepare
Begin MonoManager ReloadAssembly
Symbol file LoadedFromMemory is not a mono symbol file
- Loaded All Assemblies, in  0.912 seconds
Refreshing native plugins compatible for Editor in 6.75 ms, found 1 plugins.
Native extension for LinuxStandalone target not found
System.InvalidOperationException: Sequence contains no matching element
  at System.Linq.Enumerable.Single[TSource] (System.Collections.Generic.IEnumerable`1[T] source, System.Func`2[T,TResult] predicate) [0x00070] in <a79cc8e8f2fb480a99a2e55ce6bcd4b6>:0 
  at AdvancedCoroutineInitializer.ApplyExecutionOrderToScript (System.String sctiptName, System.Int32 exucutionIndex) [0x0000d] in /home/black/GitHub/Mexico-Tycoon-Last/Assets/Plugins/AdvancedCoroutines/AdvancedCoroutineInitializer.cs:27 
  at AdvancedCoroutineInitializer..cctor () [0x0001f] in /home/black/GitHub/Mexico-Tycoon-Last/Assets/Plugins/AdvancedCoroutines/AdvancedCoroutineInitializer.cs:21 
UnityEngine.StackTraceUtility:ExtractStackTrace () (at /home/bokken/build/output/unity/unity/Runtime/Export/Scripting/StackTrace.cs:37)
UnityEngine.DebugLogHandler:LogFormat (UnityEngine.LogType,UnityEngine.Object,string,object[])
UnityEngine.Logger:Log (UnityEngine.LogType,object)
UnityEngine.Debug:LogError (object)
UnityEditor.EditorAssemblies:ProcessInitializeOnLoadAttributes (System.Type[]) (at /home/bokken/build/output/unity/unity/Editor/Mono/EditorAssemblies.cs:127)

(Filename: /home/bokken/build/output/unity/unity/Editor/Mono/EditorAssemblies.cs Line: 127)

[Package Manager] Server::EnsureServerProcessIsRunning -- launch failed, reason: Unity was launched with the -noUpm command-line argument
[Package Manager] UpmClient::Send -- Unable to send message (not connected to UPM process).
[Package Manager] Cannot connect to Unity Package Manager local server
Mono: successfully reloaded assembly
- Finished resetting the current domain, in  4.060 seconds
Domain Reload Profiling: 4969ms
	BeginReloadAssembly (302ms)
		ExecutionOrderSort (0ms)
		DisableScriptedObjects (25ms)
		BackupInstance (0ms)
		ReleaseScriptingObjects (0ms)
		CreateAndSetChildDomain (129ms)
	RebuildCommonClasses (74ms)
	RebuildNativeTypeToScriptingClass (21ms)
	initialDomainReloadingComplete (62ms)
	LoadAllAssembliesAndSetupDomain (449ms)
		LoadAssemblies (510ms)
		RebuildTransferFunctionScriptingTraits (0ms)
		AnalyzeDomain (34ms)
			TypeCache.Refresh (16ms)
				TypeCache.ScanAssembly (0ms)
			ScanForSourceGeneratedMonoScriptInfo (0ms)
			ResolveRequiredComponents (18ms)
	FinalizeReload (4061ms)
		ReleaseScriptCaches (0ms)
		RebuildScriptCaches (0ms)
		SetupLoadedEditorAssemblies (2924ms)
			LogAssemblyErrors (0ms)
			InitializePlatformSupportModulesInManaged (66ms)
			SetLoadedEditorAssemblies (14ms)
			RefreshPlugins (0ms)
			BeforeProcessingInitializeOnLoad (195ms)
			ProcessInitializeOnLoadAttributes (1373ms)
			ProcessInitializeOnLoadMethodAttributes (1265ms)
			AfterProcessingInitializeOnLoad (12ms)
			EditorAssembliesLoaded (1ms)
		ExecutionOrderSort2 (0ms)
		AwakeInstancesAfterBackupRestoration (26ms)
Refreshing native plugins compatible for Editor in 6.46 ms, found 1 plugins.
Preloading 0 native plugins for Editor in 0.00 ms.
Unloading 5568 Unused Serialized files (Serialized files now loaded: 0)
Unloading 57 unused Assets / (403.9 KB). Loaded Objects now: 6113.
Memory consumption went from 175.0 MB to 174.6 MB.
Total: 48.340547 ms (FindLiveObjects: 0.618210 ms CreateObjectMapping: 0.382415 ms MarkObjects: 47.019683 ms  DeleteObjects: 0.316677 ms)

Prepare: number of updated asset objects reloaded= 0
AssetImportParameters requested are different than current active one (requested -> active):
  custom:container-demuxer-ogg: 62fdf1f143b41e24485cea50d1cbac27 -> 
  custom:video-decoder-ogg-theora: a1e56fd34408186e4bbccfd4996cb3dc -> 
  custom:scripting/monoscript/fileName/IBuildingMonitorEnergy.cs: 4ffe77d8aa3c87085e03141569a3ed13 -> 06b831d380debb0ec0f699a9ddf0d1bb
  custom:scripting/monoscript/fileName/BuildingSeaPort.cs: aa5e8e89526962d9c4bcf2d5996b2bbe -> c88a707282d93ac8b0347d501af0ea22
  custom:scripting/monoscript/fileName/BuildingAerodrome.cs: 7cb58f8d7df59dbd10fdba22de17584c -> c00d798f695b533871137840f71c1ae4
  custom:scripting/monoscript/fileName/BuildingControl.cs: 87c56d8eed48dd646a9279778438e064 -> 6db9d0aa861069f2789d9173ec68bc8e
  custom:CustomObjectIndexerAttribute: 306bfa6df2d96854e1ebb52f3ddacab7 -> 
  custom:scripting/monoscript/fileName/BuildingMonitorEnergy.cs: 299a4d52ac876c48f797728467902698 -> 2106f9612d5f91de4c7d352de0dde2ea
  custom:container-demuxer-webm: 4f35f7cbe854078d1ac9338744f61a02 -> 
  custom:scripting/monoscript/fileName/RouteBuilderControl.cs: 3cbb7204704c80ebc3a28cd2e391c25a -> 098fd5a0fa3efd7128942a5e6955a126
  custom:scripting/monoscript/fileName/BuildingStock.cs: 8bcf47d0c7fc211e72211b947200b489 -> 52343860fae15eb6eb5dedafc3eeff05
  custom:scripting/monoscript/fileName/BuildingFarm.cs: 5c29c07bd8678ffcac23de6e43393617 -> 93bf831e6747613b58121a9c35b8bd7b
  custom:scripting/monoscript/fileName/ConfigBuildingAerodromeEditor.cs: ffe00feafdddd29fe0fb373f82385c74 -> 8636051c4c48faaa160757857ef435fb
  custom:container-muxer-webm: aa71ff27fc2769a1b78a27578f13a17b -> 
  custom:video-decoder-webm-vp8: 9c59270c3fd7afecdb556c50c9e8de78 -> 
  custom:SearchIndexIgnoredProperties: e643bd26f0fe6173181afceb89e7c659 -> 
  custom:AudioImporter_EditorPlatform: 2f0ff77a95e0ac474e3e8eeba4e2f7cb -> 
  custom:scripting/monoscript/fileName/IBuilding.cs: 98cbf682db22b12e28ebe9d970640575 -> 494e67411aa8ce5ab531fb1beaf09db2
  custom:scripting/monoscript/fileName/IBuildingJobStatus.cs: 03945a3784e182b39e7dbe610767c095 -> 6b0601ef70b8ff44f11134e6e3872c6e
  custom:scripting/monoscript/fileName/BuildingBorderMarket.cs: b321ca6b94bd049e91cbc5720ef372d6 -> de685576eab7d4c8a13d3586c7590bf8
  custom:scripting/monoscript/fileName/ConfigBuildingFabricEditor.cs: a4bc31141afa7899362bdf39d35ab936 -> 3c510ffd33dfa53d2b5255584ad019d0
  custom:scripting/monoscript/fileName/ConfigBuildingBorderEditor.cs: 12044aa8ab62ae24cbddb53288d37e6a -> 0ac137042bfd06fda2fd2227c6ebb2b4
  custom:scripting/monoscript/fileName/CityPopulationReproduction.cs: e334140bb9d311dc888a5eb53913ad88 -> 2189c08557bab35d5dd1d4d83cc12f1b
  custom:video-encoder-webm-vp8: eb34c28f22e8b96e1ab97ce403110664 -> 
  custom:scripting/monoscript/fileName/IBuildingPurchased.cs: 2f5a15a18d833ebda778318a50e2ac45 -> a8a1581b055d00f585148229da6f5b18
  custom:scripting/monoscript/fileName/IChangedFarmType.cs: 3ea5da0162922298d56ef415d4052be8 -> e174619f746fae3748b81e0135bc87bd
  custom:audio-decoder-ogg-vorbis: bf7c407c2cedff20999df2af8eb42d56 -> 
  custom:scripting/monoscript/fileName/BuildingBorder.cs: bfbc6316f814e1c7a055a55a79399ba6 -> 4054148fbc7a75270aad07f910599969
  custom:scripting/monoscript/fileName/ConfigBuildingSeaPortEditor.cs: eb443454aeaad3b9e2c7e48e4f6e2725 -> 27829fc474f0da862faf445eb44e769a
  custom:scripting/monoscript/fileName/BuildingCity.cs: 6cbeaf0f142b302771f49f537c1ae887 -> 575f45f824575b8cd9066e562cb09a5e
  custom:scripting/monoscript/fileName/IBuildingBorderMarket.cs: 594161a32b559d878a1f05a2abd0e210 -> 5b250884df4260da51fdf978e5ecd7c6
  custom:scripting/monoscript/fileName/ConfigBuildingCityEditor.cs: 829b70d1622342e6f08ea9dae7c33287 -> f6ad22e3eeb7f240b987d3b4538f38b2
  custom:scripting/monoscript/fileName/IEnergyConsumption.cs: 0c6fcf6ee264ab17ae5c9f717328171d -> 186ad48b45242281a312e918837a8e1e
  custom:audio-encoder-webm-vorbis: bf7c407c2cedff20999df2af8eb42d56 -> 
  custom:scripting/monoscript/fileName/CitySellDrugs.cs: bd219b73de04a48a50e9d54442a2e404 -> 
  custom:scripting/monoscript/fileName/ConfigBuildingStockEditor.cs: f5f4aa65a2c72e600ba61f0d04e148df -> 94299be7aa884ddbde343ac37ce7d088
  custom:scripting/monoscript/fileName/ConfigBuildingFarmEditor.cs: 1f1288b47496ecb1368df13af3530777 -> 18bb90b870db91270e95b9268d18b4ca
  custom:scripting/monoscript/fileName/BuildingFabric.cs: 55cdb367028f97295af15643754e90b2 -> d1dda8ab7d19177659cac33de1f0f5f1
========================================================================
Received Import Request.
  Time since last request: 244051.430464 seconds.
  path: Assets/Scripts/Custom Extensions/ListContainsIndexExtension.cs
  artifactKey: Guid(4e5ef1ab3709063aa95fdf5108e2666d) Importer(815301076,1909f56bfc062723c751e8b465ee728b)
Start importing Assets/Scripts/Custom Extensions/ListContainsIndexExtension.cs using Guid(4e5ef1ab3709063aa95fdf5108e2666d) Importer(815301076,1909f56bfc062723c751e8b465ee728b)  -> (artifact id: 'de351568d104fdb905a1f0067110018b') in 0.004928 seconds
Number of updated asset objects reloaded before import = 0
Number of asset objects unloaded after import = 0
========================================================================
Received Prepare
Begin MonoManager ReloadAssembly
Symbol file LoadedFromMemory is not a mono symbol file
- Loaded All Assemblies, in  0.997 seconds
Refreshing native plugins compatible for Editor in 5.90 ms, found 1 plugins.
Native extension for LinuxStandalone target not found
System.InvalidOperationException: Sequence contains no matching element
  at System.Linq.Enumerable.Single[TSource] (System.Collections.Generic.IEnumerable`1[T] source, System.Func`2[T,TResult] predicate) [0x00070] in <a79cc8e8f2fb480a99a2e55ce6bcd4b6>:0 
  at AdvancedCoroutineInitializer.ApplyExecutionOrderToScript (System.String sctiptName, System.Int32 exucutionIndex) [0x0000d] in /home/black/GitHub/Mexico-Tycoon-Last/Assets/Plugins/AdvancedCoroutines/AdvancedCoroutineInitializer.cs:27 
  at AdvancedCoroutineInitializer..cctor () [0x0001f] in /home/black/GitHub/Mexico-Tycoon-Last/Assets/Plugins/AdvancedCoroutines/AdvancedCoroutineInitializer.cs:21 
UnityEngine.StackTraceUtility:ExtractStackTrace () (at /home/bokken/build/output/unity/unity/Runtime/Export/Scripting/StackTrace.cs:37)
UnityEngine.DebugLogHandler:LogFormat (UnityEngine.LogType,UnityEngine.Object,string,object[])
UnityEngine.Logger:Log (UnityEngine.LogType,object)
UnityEngine.Debug:LogError (object)
UnityEditor.EditorAssemblies:ProcessInitializeOnLoadAttributes (System.Type[]) (at /home/bokken/build/output/unity/unity/Editor/Mono/EditorAssemblies.cs:127)

(Filename: /home/bokken/build/output/unity/unity/Editor/Mono/EditorAssemblies.cs Line: 127)

[Package Manager] Server::EnsureServerProcessIsRunning -- launch failed, reason: Unity was launched with the -noUpm command-line argument
[Package Manager] UpmClient::Send -- Unable to send message (not connected to UPM process).
[Package Manager] Cannot connect to Unity Package Manager local server
Mono: successfully reloaded assembly
- Finished resetting the current domain, in  3.797 seconds
Domain Reload Profiling: 4792ms
	BeginReloadAssembly (265ms)
		ExecutionOrderSort (0ms)
		DisableScriptedObjects (23ms)
		BackupInstance (0ms)
		ReleaseScriptingObjects (0ms)
		CreateAndSetChildDomain (95ms)
	RebuildCommonClasses (112ms)
	RebuildNativeTypeToScriptingClass (25ms)
	initialDomainReloadingComplete (64ms)
	LoadAllAssembliesAndSetupDomain (527ms)
		LoadAssemblies (548ms)
		RebuildTransferFunctionScriptingTraits (0ms)
		AnalyzeDomain (75ms)
			TypeCache.Refresh (22ms)
				TypeCache.ScanAssembly (2ms)
			ScanForSourceGeneratedMonoScriptInfo (37ms)
			ResolveRequiredComponents (15ms)
	FinalizeReload (3799ms)
		ReleaseScriptCaches (0ms)
		RebuildScriptCaches (0ms)
		SetupLoadedEditorAssemblies (2765ms)
			LogAssemblyErrors (0ms)
			InitializePlatformSupportModulesInManaged (65ms)
			SetLoadedEditorAssemblies (13ms)
			RefreshPlugins (0ms)
			BeforeProcessingInitializeOnLoad (212ms)
			ProcessInitializeOnLoadAttributes (1254ms)
			ProcessInitializeOnLoadMethodAttributes (1208ms)
			AfterProcessingInitializeOnLoad (12ms)
			EditorAssembliesLoaded (1ms)
		ExecutionOrderSort2 (0ms)
		AwakeInstancesAfterBackupRestoration (28ms)
Refreshing native plugins compatible for Editor in 9.82 ms, found 1 plugins.
Preloading 0 native plugins for Editor in 0.00 ms.
Unloading 5567 Unused Serialized files (Serialized files now loaded: 0)
Unloading 57 unused Assets / (405.0 KB). Loaded Objects now: 6117.
Memory consumption went from 174.7 MB to 174.3 MB.
Total: 67.939636 ms (FindLiveObjects: 0.683491 ms CreateObjectMapping: 0.444474 ms MarkObjects: 66.052219 ms  DeleteObjects: 0.754025 ms)

Prepare: number of updated asset objects reloaded= 0
AssetImportParameters requested are different than current active one (requested -> active):
  custom:container-demuxer-ogg: 62fdf1f143b41e24485cea50d1cbac27 -> 
  custom:video-decoder-ogg-theora: a1e56fd34408186e4bbccfd4996cb3dc -> 
  custom:scripting/monoscript/fileName/IBuildingMonitorEnergy.cs: 4ffe77d8aa3c87085e03141569a3ed13 -> 06b831d380debb0ec0f699a9ddf0d1bb
  custom:scripting/monoscript/fileName/BuildingSeaPort.cs: aa5e8e89526962d9c4bcf2d5996b2bbe -> c88a707282d93ac8b0347d501af0ea22
  custom:scripting/monoscript/fileName/BuildingAerodrome.cs: 7cb58f8d7df59dbd10fdba22de17584c -> c00d798f695b533871137840f71c1ae4
  custom:scripting/monoscript/fileName/BuildingControl.cs: 87c56d8eed48dd646a9279778438e064 -> 6db9d0aa861069f2789d9173ec68bc8e
  custom:CustomObjectIndexerAttribute: 306bfa6df2d96854e1ebb52f3ddacab7 -> 
  custom:scripting/monoscript/fileName/BuildingMonitorEnergy.cs: 299a4d52ac876c48f797728467902698 -> 2106f9612d5f91de4c7d352de0dde2ea
  custom:container-demuxer-webm: 4f35f7cbe854078d1ac9338744f61a02 -> 
  custom:scripting/monoscript/fileName/RouteBuilderControl.cs: 3cbb7204704c80ebc3a28cd2e391c25a -> 098fd5a0fa3efd7128942a5e6955a126
  custom:scripting/monoscript/fileName/BuildingStock.cs: 8bcf47d0c7fc211e72211b947200b489 -> 52343860fae15eb6eb5dedafc3eeff05
  custom:scripting/monoscript/fileName/BuildingFarm.cs: 5c29c07bd8678ffcac23de6e43393617 -> 93bf831e6747613b58121a9c35b8bd7b
  custom:scripting/monoscript/fileName/ConfigBuildingAerodromeEditor.cs: ffe00feafdddd29fe0fb373f82385c74 -> 8636051c4c48faaa160757857ef435fb
  custom:container-muxer-webm: aa71ff27fc2769a1b78a27578f13a17b -> 
  custom:video-decoder-webm-vp8: 9c59270c3fd7afecdb556c50c9e8de78 -> 
  custom:SearchIndexIgnoredProperties: e643bd26f0fe6173181afceb89e7c659 -> 
  custom:AudioImporter_EditorPlatform: 2f0ff77a95e0ac474e3e8eeba4e2f7cb -> 
  custom:scripting/monoscript/fileName/IBuilding.cs: 98cbf682db22b12e28ebe9d970640575 -> 494e67411aa8ce5ab531fb1beaf09db2
  custom:scripting/monoscript/fileName/IBuildingJobStatus.cs: 03945a3784e182b39e7dbe610767c095 -> 6b0601ef70b8ff44f11134e6e3872c6e
  custom:scripting/monoscript/fileName/BuildingBorderMarket.cs: b321ca6b94bd049e91cbc5720ef372d6 -> de685576eab7d4c8a13d3586c7590bf8
  custom:scripting/monoscript/fileName/ConfigBuildingFabricEditor.cs: a4bc31141afa7899362bdf39d35ab936 -> 3c510ffd33dfa53d2b5255584ad019d0
  custom:scripting/monoscript/fileName/ConfigBuildingBorderEditor.cs: 12044aa8ab62ae24cbddb53288d37e6a -> 0ac137042bfd06fda2fd2227c6ebb2b4
  custom:scripting/monoscript/fileName/CityPopulationReproduction.cs: e334140bb9d311dc888a5eb53913ad88 -> 2189c08557bab35d5dd1d4d83cc12f1b
  custom:video-encoder-webm-vp8: eb34c28f22e8b96e1ab97ce403110664 -> 
  custom:scripting/monoscript/fileName/IBuildingPurchased.cs: 2f5a15a18d833ebda778318a50e2ac45 -> a8a1581b055d00f585148229da6f5b18
  custom:scripting/monoscript/fileName/IChangedFarmType.cs: 3ea5da0162922298d56ef415d4052be8 -> e174619f746fae3748b81e0135bc87bd
  custom:audio-decoder-ogg-vorbis: bf7c407c2cedff20999df2af8eb42d56 -> 
  custom:scripting/monoscript/fileName/BuildingBorder.cs: bfbc6316f814e1c7a055a55a79399ba6 -> 4054148fbc7a75270aad07f910599969
  custom:scripting/monoscript/fileName/ConfigBuildingSeaPortEditor.cs: eb443454aeaad3b9e2c7e48e4f6e2725 -> 27829fc474f0da862faf445eb44e769a
  custom:scripting/monoscript/fileName/BuildingCity.cs: 6cbeaf0f142b302771f49f537c1ae887 -> 575f45f824575b8cd9066e562cb09a5e
  custom:scripting/monoscript/fileName/IBuildingBorderMarket.cs: 594161a32b559d878a1f05a2abd0e210 -> 5b250884df4260da51fdf978e5ecd7c6
  custom:scripting/monoscript/fileName/ConfigBuildingCityEditor.cs: 829b70d1622342e6f08ea9dae7c33287 -> f6ad22e3eeb7f240b987d3b4538f38b2
  custom:scripting/monoscript/fileName/IEnergyConsumption.cs: 0c6fcf6ee264ab17ae5c9f717328171d -> 186ad48b45242281a312e918837a8e1e
  custom:audio-encoder-webm-vorbis: bf7c407c2cedff20999df2af8eb42d56 -> 
  custom:scripting/monoscript/fileName/CitySellDrugs.cs: bd219b73de04a48a50e9d54442a2e404 -> 
  custom:scripting/monoscript/fileName/ConfigBuildingStockEditor.cs: f5f4aa65a2c72e600ba61f0d04e148df -> 94299be7aa884ddbde343ac37ce7d088
  custom:scripting/monoscript/fileName/ConfigBuildingFarmEditor.cs: 1f1288b47496ecb1368df13af3530777 -> 18bb90b870db91270e95b9268d18b4ca
  custom:scripting/monoscript/fileName/BuildingFabric.cs: 55cdb367028f97295af15643754e90b2 -> d1dda8ab7d19177659cac33de1f0f5f1
========================================================================
Received Import Request.
  Time since last request: 1152.790710 seconds.
  path: Assets/Scripts/Custom Extensions/ListContainsIndexExtension.cs
  artifactKey: Guid(4e5ef1ab3709063aa95fdf5108e2666d) Importer(815301076,1909f56bfc062723c751e8b465ee728b)
Start importing Assets/Scripts/Custom Extensions/ListContainsIndexExtension.cs using Guid(4e5ef1ab3709063aa95fdf5108e2666d) Importer(815301076,1909f56bfc062723c751e8b465ee728b)  -> (artifact id: '8f5599b6c756451cd0df81a78a141626') in 0.005223 seconds
Number of updated asset objects reloaded before import = 0
Number of asset objects unloaded after import = 0
========================================================================
Received Prepare
Begin MonoManager ReloadAssembly
Symbol file LoadedFromMemory is not a mono symbol file
- Loaded All Assemblies, in  0.847 seconds
Refreshing native plugins compatible for Editor in 6.08 ms, found 1 plugins.
Native extension for LinuxStandalone target not found
System.InvalidOperationException: Sequence contains no matching element
  at System.Linq.Enumerable.Single[TSource] (System.Collections.Generic.IEnumerable`1[T] source, System.Func`2[T,TResult] predicate) [0x00070] in <a79cc8e8f2fb480a99a2e55ce6bcd4b6>:0 
  at AdvancedCoroutineInitializer.ApplyExecutionOrderToScript (System.String sctiptName, System.Int32 exucutionIndex) [0x0000d] in /home/black/GitHub/Mexico-Tycoon-Last/Assets/Plugins/AdvancedCoroutines/AdvancedCoroutineInitializer.cs:27 
  at AdvancedCoroutineInitializer..cctor () [0x0001f] in /home/black/GitHub/Mexico-Tycoon-Last/Assets/Plugins/AdvancedCoroutines/AdvancedCoroutineInitializer.cs:21 
UnityEngine.StackTraceUtility:ExtractStackTrace () (at /home/bokken/build/output/unity/unity/Runtime/Export/Scripting/StackTrace.cs:37)
UnityEngine.DebugLogHandler:LogFormat (UnityEngine.LogType,UnityEngine.Object,string,object[])
UnityEngine.Logger:Log (UnityEngine.LogType,object)
UnityEngine.Debug:LogError (object)
UnityEditor.EditorAssemblies:ProcessInitializeOnLoadAttributes (System.Type[]) (at /home/bokken/build/output/unity/unity/Editor/Mono/EditorAssemblies.cs:127)

(Filename: /home/bokken/build/output/unity/unity/Editor/Mono/EditorAssemblies.cs Line: 127)

[Package Manager] Server::EnsureServerProcessIsRunning -- launch failed, reason: Unity was launched with the -noUpm command-line argument
[Package Manager] UpmClient::Send -- Unable to send message (not connected to UPM process).
[Package Manager] Cannot connect to Unity Package Manager local server
Mono: successfully reloaded assembly
- Finished resetting the current domain, in  3.573 seconds
Domain Reload Profiling: 4417ms
	BeginReloadAssembly (263ms)
		ExecutionOrderSort (0ms)
		DisableScriptedObjects (23ms)
		BackupInstance (0ms)
		ReleaseScriptingObjects (0ms)
		CreateAndSetChildDomain (93ms)
	RebuildCommonClasses (73ms)
	RebuildNativeTypeToScriptingClass (20ms)
	initialDomainReloadingComplete (62ms)
	LoadAllAssembliesAndSetupDomain (425ms)
		LoadAssemblies (488ms)
		RebuildTransferFunctionScriptingTraits (0ms)
		AnalyzeDomain (32ms)
			TypeCache.Refresh (14ms)
				TypeCache.ScanAssembly (0ms)
			ScanForSourceGeneratedMonoScriptInfo (0ms)
			ResolveRequiredComponents (17ms)
	FinalizeReload (3573ms)
		ReleaseScriptCaches (0ms)
		RebuildScriptCaches (0ms)
		SetupLoadedEditorAssemblies (2527ms)
			LogAssemblyErrors (0ms)
			InitializePlatformSupportModulesInManaged (60ms)
			SetLoadedEditorAssemblies (11ms)
			RefreshPlugins (0ms)
			BeforeProcessingInitializeOnLoad (190ms)
			ProcessInitializeOnLoadAttributes (1231ms)
			ProcessInitializeOnLoadMethodAttributes (1023ms)
			AfterProcessingInitializeOnLoad (11ms)
			EditorAssembliesLoaded (1ms)
		ExecutionOrderSort2 (0ms)
		AwakeInstancesAfterBackupRestoration (24ms)
Refreshing native plugins compatible for Editor in 6.16 ms, found 1 plugins.
Preloading 0 native plugins for Editor in 0.00 ms.
Unloading 5567 Unused Serialized files (Serialized files now loaded: 0)
Unloading 57 unused Assets / (405.0 KB). Loaded Objects now: 6121.
Memory consumption went from 174.7 MB to 174.3 MB.
Total: 45.884927 ms (FindLiveObjects: 0.621287 ms CreateObjectMapping: 0.496958 ms MarkObjects: 44.488284 ms  DeleteObjects: 0.275607 ms)

Prepare: number of updated asset objects reloaded= 0
AssetImportParameters requested are different than current active one (requested -> active):
  custom:container-demuxer-ogg: 62fdf1f143b41e24485cea50d1cbac27 -> 
  custom:video-decoder-ogg-theora: a1e56fd34408186e4bbccfd4996cb3dc -> 
  custom:scripting/monoscript/fileName/IBuildingMonitorEnergy.cs: 4ffe77d8aa3c87085e03141569a3ed13 -> 06b831d380debb0ec0f699a9ddf0d1bb
  custom:scripting/monoscript/fileName/BuildingSeaPort.cs: aa5e8e89526962d9c4bcf2d5996b2bbe -> c88a707282d93ac8b0347d501af0ea22
  custom:scripting/monoscript/fileName/BuildingAerodrome.cs: 7cb58f8d7df59dbd10fdba22de17584c -> c00d798f695b533871137840f71c1ae4
  custom:scripting/monoscript/fileName/BuildingControl.cs: 87c56d8eed48dd646a9279778438e064 -> 6db9d0aa861069f2789d9173ec68bc8e
  custom:CustomObjectIndexerAttribute: 306bfa6df2d96854e1ebb52f3ddacab7 -> 
  custom:scripting/monoscript/fileName/BuildingMonitorEnergy.cs: 299a4d52ac876c48f797728467902698 -> 2106f9612d5f91de4c7d352de0dde2ea
  custom:container-demuxer-webm: 4f35f7cbe854078d1ac9338744f61a02 -> 
  custom:scripting/monoscript/fileName/RouteBuilderControl.cs: 3cbb7204704c80ebc3a28cd2e391c25a -> 098fd5a0fa3efd7128942a5e6955a126
  custom:scripting/monoscript/fileName/BuildingStock.cs: 8bcf47d0c7fc211e72211b947200b489 -> 52343860fae15eb6eb5dedafc3eeff05
  custom:scripting/monoscript/fileName/BuildingFarm.cs: 5c29c07bd8678ffcac23de6e43393617 -> 93bf831e6747613b58121a9c35b8bd7b
  custom:scripting/monoscript/fileName/ConfigBuildingAerodromeEditor.cs: ffe00feafdddd29fe0fb373f82385c74 -> 8636051c4c48faaa160757857ef435fb
  custom:container-muxer-webm: aa71ff27fc2769a1b78a27578f13a17b -> 
  custom:video-decoder-webm-vp8: 9c59270c3fd7afecdb556c50c9e8de78 -> 
  custom:SearchIndexIgnoredProperties: e643bd26f0fe6173181afceb89e7c659 -> 
  custom:AudioImporter_EditorPlatform: 2f0ff77a95e0ac474e3e8eeba4e2f7cb -> 
  custom:scripting/monoscript/fileName/IBuilding.cs: 98cbf682db22b12e28ebe9d970640575 -> 494e67411aa8ce5ab531fb1beaf09db2
  custom:scripting/monoscript/fileName/IBuildingJobStatus.cs: 03945a3784e182b39e7dbe610767c095 -> 6b0601ef70b8ff44f11134e6e3872c6e
  custom:scripting/monoscript/fileName/BuildingBorderMarket.cs: b321ca6b94bd049e91cbc5720ef372d6 -> de685576eab7d4c8a13d3586c7590bf8
  custom:scripting/monoscript/fileName/ConfigBuildingFabricEditor.cs: a4bc31141afa7899362bdf39d35ab936 -> 3c510ffd33dfa53d2b5255584ad019d0
  custom:scripting/monoscript/fileName/ConfigBuildingBorderEditor.cs: 12044aa8ab62ae24cbddb53288d37e6a -> 0ac137042bfd06fda2fd2227c6ebb2b4
  custom:scripting/monoscript/fileName/CityPopulationReproduction.cs: e334140bb9d311dc888a5eb53913ad88 -> 2189c08557bab35d5dd1d4d83cc12f1b
  custom:video-encoder-webm-vp8: eb34c28f22e8b96e1ab97ce403110664 -> 
  custom:scripting/monoscript/fileName/IBuildingPurchased.cs: 2f5a15a18d833ebda778318a50e2ac45 -> a8a1581b055d00f585148229da6f5b18
  custom:scripting/monoscript/fileName/IChangedFarmType.cs: 3ea5da0162922298d56ef415d4052be8 -> e174619f746fae3748b81e0135bc87bd
  custom:audio-decoder-ogg-vorbis: bf7c407c2cedff20999df2af8eb42d56 -> 
  custom:scripting/monoscript/fileName/BuildingBorder.cs: bfbc6316f814e1c7a055a55a79399ba6 -> 4054148fbc7a75270aad07f910599969
  custom:scripting/monoscript/fileName/ConfigBuildingSeaPortEditor.cs: eb443454aeaad3b9e2c7e48e4f6e2725 -> 27829fc474f0da862faf445eb44e769a
  custom:scripting/monoscript/fileName/BuildingCity.cs: 6cbeaf0f142b302771f49f537c1ae887 -> 575f45f824575b8cd9066e562cb09a5e
  custom:scripting/monoscript/fileName/IBuildingBorderMarket.cs: 594161a32b559d878a1f05a2abd0e210 -> 5b250884df4260da51fdf978e5ecd7c6
  custom:scripting/monoscript/fileName/ConfigBuildingCityEditor.cs: 829b70d1622342e6f08ea9dae7c33287 -> f6ad22e3eeb7f240b987d3b4538f38b2
  custom:scripting/monoscript/fileName/IEnergyConsumption.cs: 0c6fcf6ee264ab17ae5c9f717328171d -> 186ad48b45242281a312e918837a8e1e
  custom:audio-encoder-webm-vorbis: bf7c407c2cedff20999df2af8eb42d56 -> 
  custom:scripting/monoscript/fileName/CitySellDrugs.cs: bd219b73de04a48a50e9d54442a2e404 -> 
  custom:scripting/monoscript/fileName/ConfigBuildingStockEditor.cs: f5f4aa65a2c72e600ba61f0d04e148df -> 94299be7aa884ddbde343ac37ce7d088
  custom:scripting/monoscript/fileName/ConfigBuildingFarmEditor.cs: 1f1288b47496ecb1368df13af3530777 -> 18bb90b870db91270e95b9268d18b4ca
  custom:scripting/monoscript/fileName/BuildingFabric.cs: 55cdb367028f97295af15643754e90b2 -> d1dda8ab7d19177659cac33de1f0f5f1
========================================================================
Received Prepare
Begin MonoManager ReloadAssembly
Symbol file LoadedFromMemory is not a mono symbol file
- Loaded All Assemblies, in  1.021 seconds
Refreshing native plugins compatible for Editor in 6.02 ms, found 1 plugins.
Native extension for LinuxStandalone target not found
System.InvalidOperationException: Sequence contains no matching element
  at System.Linq.Enumerable.Single[TSource] (System.Collections.Generic.IEnumerable`1[T] source, System.Func`2[T,TResult] predicate) [0x00070] in <a79cc8e8f2fb480a99a2e55ce6bcd4b6>:0 
  at AdvancedCoroutineInitializer.ApplyExecutionOrderToScript (System.String sctiptName, System.Int32 exucutionIndex) [0x0000d] in /home/black/GitHub/Mexico-Tycoon-Last/Assets/Plugins/AdvancedCoroutines/AdvancedCoroutineInitializer.cs:27 
  at AdvancedCoroutineInitializer..cctor () [0x0001f] in /home/black/GitHub/Mexico-Tycoon-Last/Assets/Plugins/AdvancedCoroutines/AdvancedCoroutineInitializer.cs:21 
UnityEngine.StackTraceUtility:ExtractStackTrace () (at /home/bokken/build/output/unity/unity/Runtime/Export/Scripting/StackTrace.cs:37)
UnityEngine.DebugLogHandler:LogFormat (UnityEngine.LogType,UnityEngine.Object,string,object[])
UnityEngine.Logger:Log (UnityEngine.LogType,object)
UnityEngine.Debug:LogError (object)
UnityEditor.EditorAssemblies:ProcessInitializeOnLoadAttributes (System.Type[]) (at /home/bokken/build/output/unity/unity/Editor/Mono/EditorAssemblies.cs:127)

(Filename: /home/bokken/build/output/unity/unity/Editor/Mono/EditorAssemblies.cs Line: 127)

[Package Manager] Server::EnsureServerProcessIsRunning -- launch failed, reason: Unity was launched with the -noUpm command-line argument
[Package Manager] UpmClient::Send -- Unable to send message (not connected to UPM process).
[Package Manager] Cannot connect to Unity Package Manager local server
Mono: successfully reloaded assembly
- Finished resetting the current domain, in  3.580 seconds
Domain Reload Profiling: 4598ms
	BeginReloadAssembly (288ms)
		ExecutionOrderSort (0ms)
		DisableScriptedObjects (25ms)
		BackupInstance (0ms)
		ReleaseScriptingObjects (0ms)
		CreateAndSetChildDomain (91ms)
	RebuildCommonClasses (105ms)
	RebuildNativeTypeToScriptingClass (19ms)
	initialDomainReloadingComplete (61ms)
	LoadAllAssembliesAndSetupDomain (544ms)
		LoadAssemblies (558ms)
		RebuildTransferFunctionScriptingTraits (0ms)
		AnalyzeDomain (102ms)
			TypeCache.Refresh (31ms)
				TypeCache.ScanAssembly (3ms)
			ScanForSourceGeneratedMonoScriptInfo (50ms)
			ResolveRequiredComponents (20ms)
	FinalizeReload (3581ms)
		ReleaseScriptCaches (0ms)
		RebuildScriptCaches (0ms)
		SetupLoadedEditorAssemblies (2538ms)
			LogAssemblyErrors (0ms)
			InitializePlatformSupportModulesInManaged (57ms)
			SetLoadedEditorAssemblies (14ms)
			RefreshPlugins (0ms)
			BeforeProcessingInitializeOnLoad (231ms)
			ProcessInitializeOnLoadAttributes (1215ms)
			ProcessInitializeOnLoadMethodAttributes (1008ms)
			AfterProcessingInitializeOnLoad (11ms)
			EditorAssembliesLoaded (1ms)
		ExecutionOrderSort2 (0ms)
		AwakeInstancesAfterBackupRestoration (24ms)
Refreshing native plugins compatible for Editor in 7.04 ms, found 1 plugins.
Preloading 0 native plugins for Editor in 0.00 ms.
Unloading 5568 Unused Serialized files (Serialized files now loaded: 0)
Unloading 57 unused Assets / (405.0 KB). Loaded Objects now: 6125.
Memory consumption went from 174.9 MB to 174.5 MB.
Total: 47.274139 ms (FindLiveObjects: 0.516130 ms CreateObjectMapping: 0.349036 ms MarkObjects: 46.065607 ms  DeleteObjects: 0.339909 ms)

Prepare: number of updated asset objects reloaded= 0
AssetImportParameters requested are different than current active one (requested -> active):
  custom:container-demuxer-ogg: 62fdf1f143b41e24485cea50d1cbac27 -> 
  custom:video-decoder-ogg-theora: a1e56fd34408186e4bbccfd4996cb3dc -> 
  custom:scripting/monoscript/fileName/IBuildingMonitorEnergy.cs: 4ffe77d8aa3c87085e03141569a3ed13 -> 06b831d380debb0ec0f699a9ddf0d1bb
  custom:scripting/monoscript/fileName/BuildingSeaPort.cs: aa5e8e89526962d9c4bcf2d5996b2bbe -> c88a707282d93ac8b0347d501af0ea22
  custom:scripting/monoscript/fileName/BuildingAerodrome.cs: 7cb58f8d7df59dbd10fdba22de17584c -> c00d798f695b533871137840f71c1ae4
  custom:scripting/monoscript/fileName/BuildingControl.cs: 87c56d8eed48dd646a9279778438e064 -> 6db9d0aa861069f2789d9173ec68bc8e
  custom:CustomObjectIndexerAttribute: 306bfa6df2d96854e1ebb52f3ddacab7 -> 
  custom:scripting/monoscript/fileName/BuildingMonitorEnergy.cs: 299a4d52ac876c48f797728467902698 -> 2106f9612d5f91de4c7d352de0dde2ea
  custom:container-demuxer-webm: 4f35f7cbe854078d1ac9338744f61a02 -> 
  custom:scripting/monoscript/fileName/RouteBuilderControl.cs: 3cbb7204704c80ebc3a28cd2e391c25a -> 098fd5a0fa3efd7128942a5e6955a126
  custom:scripting/monoscript/fileName/BuildingStock.cs: 8bcf47d0c7fc211e72211b947200b489 -> 52343860fae15eb6eb5dedafc3eeff05
  custom:scripting/monoscript/fileName/BuildingFarm.cs: 5c29c07bd8678ffcac23de6e43393617 -> 93bf831e6747613b58121a9c35b8bd7b
  custom:scripting/monoscript/fileName/ConfigBuildingAerodromeEditor.cs: ffe00feafdddd29fe0fb373f82385c74 -> 8636051c4c48faaa160757857ef435fb
  custom:container-muxer-webm: aa71ff27fc2769a1b78a27578f13a17b -> 
  custom:video-decoder-webm-vp8: 9c59270c3fd7afecdb556c50c9e8de78 -> 
  custom:SearchIndexIgnoredProperties: e643bd26f0fe6173181afceb89e7c659 -> 
  custom:AudioImporter_EditorPlatform: 2f0ff77a95e0ac474e3e8eeba4e2f7cb -> 
  custom:scripting/monoscript/fileName/IBuilding.cs: 98cbf682db22b12e28ebe9d970640575 -> 494e67411aa8ce5ab531fb1beaf09db2
  custom:scripting/monoscript/fileName/IBuildingJobStatus.cs: 03945a3784e182b39e7dbe610767c095 -> 6b0601ef70b8ff44f11134e6e3872c6e
  custom:scripting/monoscript/fileName/BuildingBorderMarket.cs: b321ca6b94bd049e91cbc5720ef372d6 -> de685576eab7d4c8a13d3586c7590bf8
  custom:scripting/monoscript/fileName/ConfigBuildingFabricEditor.cs: a4bc31141afa7899362bdf39d35ab936 -> 3c510ffd33dfa53d2b5255584ad019d0
  custom:scripting/monoscript/fileName/ConfigBuildingBorderEditor.cs: 12044aa8ab62ae24cbddb53288d37e6a -> 0ac137042bfd06fda2fd2227c6ebb2b4
  custom:scripting/monoscript/fileName/CityPopulationReproduction.cs: e334140bb9d311dc888a5eb53913ad88 -> 2189c08557bab35d5dd1d4d83cc12f1b
  custom:video-encoder-webm-vp8: eb34c28f22e8b96e1ab97ce403110664 -> 
  custom:scripting/monoscript/fileName/IBuildingPurchased.cs: 2f5a15a18d833ebda778318a50e2ac45 -> a8a1581b055d00f585148229da6f5b18
  custom:scripting/monoscript/fileName/IChangedFarmType.cs: 3ea5da0162922298d56ef415d4052be8 -> e174619f746fae3748b81e0135bc87bd
  custom:audio-decoder-ogg-vorbis: bf7c407c2cedff20999df2af8eb42d56 -> 
  custom:scripting/monoscript/fileName/BuildingBorder.cs: bfbc6316f814e1c7a055a55a79399ba6 -> 4054148fbc7a75270aad07f910599969
  custom:scripting/monoscript/fileName/ConfigBuildingSeaPortEditor.cs: eb443454aeaad3b9e2c7e48e4f6e2725 -> 27829fc474f0da862faf445eb44e769a
  custom:scripting/monoscript/fileName/BuildingCity.cs: 6cbeaf0f142b302771f49f537c1ae887 -> 575f45f824575b8cd9066e562cb09a5e
  custom:scripting/monoscript/fileName/IBuildingBorderMarket.cs: 594161a32b559d878a1f05a2abd0e210 -> 5b250884df4260da51fdf978e5ecd7c6
  custom:scripting/monoscript/fileName/ConfigBuildingCityEditor.cs: 829b70d1622342e6f08ea9dae7c33287 -> f6ad22e3eeb7f240b987d3b4538f38b2
  custom:scripting/monoscript/fileName/IEnergyConsumption.cs: 0c6fcf6ee264ab17ae5c9f717328171d -> 186ad48b45242281a312e918837a8e1e
  custom:audio-encoder-webm-vorbis: bf7c407c2cedff20999df2af8eb42d56 -> 
  custom:scripting/monoscript/fileName/CitySellDrugs.cs: bd219b73de04a48a50e9d54442a2e404 -> 
  custom:scripting/monoscript/fileName/ConfigBuildingStockEditor.cs: f5f4aa65a2c72e600ba61f0d04e148df -> 94299be7aa884ddbde343ac37ce7d088
  custom:scripting/monoscript/fileName/ConfigBuildingFarmEditor.cs: 1f1288b47496ecb1368df13af3530777 -> 18bb90b870db91270e95b9268d18b4ca
  custom:scripting/monoscript/fileName/BuildingFabric.cs: 55cdb367028f97295af15643754e90b2 -> d1dda8ab7d19177659cac33de1f0f5f1
========================================================================
Received Prepare
Begin MonoManager ReloadAssembly
Symbol file LoadedFromMemory is not a mono symbol file
- Loaded All Assemblies, in  1.013 seconds
Refreshing native plugins compatible for Editor in 7.37 ms, found 1 plugins.
Native extension for LinuxStandalone target not found
System.InvalidOperationException: Sequence contains no matching element
  at System.Linq.Enumerable.Single[TSource] (System.Collections.Generic.IEnumerable`1[T] source, System.Func`2[T,TResult] predicate) [0x00070] in <a79cc8e8f2fb480a99a2e55ce6bcd4b6>:0 
  at AdvancedCoroutineInitializer.ApplyExecutionOrderToScript (System.String sctiptName, System.Int32 exucutionIndex) [0x0000d] in /home/black/GitHub/Mexico-Tycoon-Last/Assets/Plugins/AdvancedCoroutines/AdvancedCoroutineInitializer.cs:27 
  at AdvancedCoroutineInitializer..cctor () [0x0001f] in /home/black/GitHub/Mexico-Tycoon-Last/Assets/Plugins/AdvancedCoroutines/AdvancedCoroutineInitializer.cs:21 
UnityEngine.StackTraceUtility:ExtractStackTrace () (at /home/bokken/build/output/unity/unity/Runtime/Export/Scripting/StackTrace.cs:37)
UnityEngine.DebugLogHandler:LogFormat (UnityEngine.LogType,UnityEngine.Object,string,object[])
UnityEngine.Logger:Log (UnityEngine.LogType,object)
UnityEngine.Debug:LogError (object)
UnityEditor.EditorAssemblies:ProcessInitializeOnLoadAttributes (System.Type[]) (at /home/bokken/build/output/unity/unity/Editor/Mono/EditorAssemblies.cs:127)

(Filename: /home/bokken/build/output/unity/unity/Editor/Mono/EditorAssemblies.cs Line: 127)

[Package Manager] Server::EnsureServerProcessIsRunning -- launch failed, reason: Unity was launched with the -noUpm command-line argument
[Package Manager] UpmClient::Send -- Unable to send message (not connected to UPM process).
[Package Manager] Cannot connect to Unity Package Manager local server
Mono: successfully reloaded assembly
- Finished resetting the current domain, in  4.332 seconds
Domain Reload Profiling: 5339ms
	BeginReloadAssembly (292ms)
		ExecutionOrderSort (0ms)
		DisableScriptedObjects (33ms)
		BackupInstance (0ms)
		ReleaseScriptingObjects (0ms)
		CreateAndSetChildDomain (84ms)
	RebuildCommonClasses (97ms)
	RebuildNativeTypeToScriptingClass (31ms)
	initialDomainReloadingComplete (82ms)
	LoadAllAssembliesAndSetupDomain (504ms)
		LoadAssemblies (537ms)
		RebuildTransferFunctionScriptingTraits (0ms)
		AnalyzeDomain (84ms)
			TypeCache.Refresh (24ms)
				TypeCache.ScanAssembly (2ms)
			ScanForSourceGeneratedMonoScriptInfo (42ms)
			ResolveRequiredComponents (17ms)
	FinalizeReload (4333ms)
		ReleaseScriptCaches (0ms)
		RebuildScriptCaches (0ms)
		SetupLoadedEditorAssemblies (3165ms)
			LogAssemblyErrors (0ms)
			InitializePlatformSupportModulesInManaged (58ms)
			SetLoadedEditorAssemblies (16ms)
			RefreshPlugins (0ms)
			BeforeProcessingInitializeOnLoad (254ms)
			ProcessInitializeOnLoadAttributes (1397ms)
			ProcessInitializeOnLoadMethodAttributes (1425ms)
			AfterProcessingInitializeOnLoad (15ms)
			EditorAssembliesLoaded (1ms)
		ExecutionOrderSort2 (0ms)
		AwakeInstancesAfterBackupRestoration (51ms)
Refreshing native plugins compatible for Editor in 6.49 ms, found 1 plugins.
Preloading 0 native plugins for Editor in 0.00 ms.
Unloading 5568 Unused Serialized files (Serialized files now loaded: 0)
Unloading 57 unused Assets / (405.2 KB). Loaded Objects now: 6129.
Memory consumption went from 174.9 MB to 174.5 MB.
Total: 60.798774 ms (FindLiveObjects: 0.499762 ms CreateObjectMapping: 0.402061 ms MarkObjects: 59.639067 ms  DeleteObjects: 0.254934 ms)

Prepare: number of updated asset objects reloaded= 0
AssetImportParameters requested are different than current active one (requested -> active):
  custom:container-demuxer-ogg: 62fdf1f143b41e24485cea50d1cbac27 -> 
  custom:video-decoder-ogg-theora: a1e56fd34408186e4bbccfd4996cb3dc -> 
  custom:scripting/monoscript/fileName/IBuildingMonitorEnergy.cs: 4ffe77d8aa3c87085e03141569a3ed13 -> 06b831d380debb0ec0f699a9ddf0d1bb
  custom:scripting/monoscript/fileName/BuildingSeaPort.cs: aa5e8e89526962d9c4bcf2d5996b2bbe -> c88a707282d93ac8b0347d501af0ea22
  custom:scripting/monoscript/fileName/BuildingAerodrome.cs: 7cb58f8d7df59dbd10fdba22de17584c -> c00d798f695b533871137840f71c1ae4
  custom:scripting/monoscript/fileName/BuildingControl.cs: 87c56d8eed48dd646a9279778438e064 -> 6db9d0aa861069f2789d9173ec68bc8e
  custom:CustomObjectIndexerAttribute: 306bfa6df2d96854e1ebb52f3ddacab7 -> 
  custom:scripting/monoscript/fileName/BuildingMonitorEnergy.cs: 299a4d52ac876c48f797728467902698 -> 2106f9612d5f91de4c7d352de0dde2ea
  custom:container-demuxer-webm: 4f35f7cbe854078d1ac9338744f61a02 -> 
  custom:scripting/monoscript/fileName/RouteBuilderControl.cs: 3cbb7204704c80ebc3a28cd2e391c25a -> 098fd5a0fa3efd7128942a5e6955a126
  custom:scripting/monoscript/fileName/BuildingStock.cs: 8bcf47d0c7fc211e72211b947200b489 -> 52343860fae15eb6eb5dedafc3eeff05
  custom:scripting/monoscript/fileName/BuildingFarm.cs: 5c29c07bd8678ffcac23de6e43393617 -> 93bf831e6747613b58121a9c35b8bd7b
  custom:scripting/monoscript/fileName/ConfigBuildingAerodromeEditor.cs: ffe00feafdddd29fe0fb373f82385c74 -> 8636051c4c48faaa160757857ef435fb
  custom:container-muxer-webm: aa71ff27fc2769a1b78a27578f13a17b -> 
  custom:video-decoder-webm-vp8: 9c59270c3fd7afecdb556c50c9e8de78 -> 
  custom:SearchIndexIgnoredProperties: e643bd26f0fe6173181afceb89e7c659 -> 
  custom:AudioImporter_EditorPlatform: 2f0ff77a95e0ac474e3e8eeba4e2f7cb -> 
  custom:scripting/monoscript/fileName/IBuilding.cs: 98cbf682db22b12e28ebe9d970640575 -> 494e67411aa8ce5ab531fb1beaf09db2
  custom:scripting/monoscript/fileName/IBuildingJobStatus.cs: 03945a3784e182b39e7dbe610767c095 -> 6b0601ef70b8ff44f11134e6e3872c6e
  custom:scripting/monoscript/fileName/BuildingBorderMarket.cs: b321ca6b94bd049e91cbc5720ef372d6 -> de685576eab7d4c8a13d3586c7590bf8
  custom:scripting/monoscript/fileName/ConfigBuildingFabricEditor.cs: a4bc31141afa7899362bdf39d35ab936 -> 3c510ffd33dfa53d2b5255584ad019d0
  custom:scripting/monoscript/fileName/ConfigBuildingBorderEditor.cs: 12044aa8ab62ae24cbddb53288d37e6a -> 0ac137042bfd06fda2fd2227c6ebb2b4
  custom:scripting/monoscript/fileName/CityPopulationReproduction.cs: e334140bb9d311dc888a5eb53913ad88 -> 2189c08557bab35d5dd1d4d83cc12f1b
  custom:video-encoder-webm-vp8: eb34c28f22e8b96e1ab97ce403110664 -> 
  custom:scripting/monoscript/fileName/IBuildingPurchased.cs: 2f5a15a18d833ebda778318a50e2ac45 -> a8a1581b055d00f585148229da6f5b18
  custom:scripting/monoscript/fileName/IChangedFarmType.cs: 3ea5da0162922298d56ef415d4052be8 -> e174619f746fae3748b81e0135bc87bd
  custom:audio-decoder-ogg-vorbis: bf7c407c2cedff20999df2af8eb42d56 -> 
  custom:scripting/monoscript/fileName/BuildingBorder.cs: bfbc6316f814e1c7a055a55a79399ba6 -> 4054148fbc7a75270aad07f910599969
  custom:scripting/monoscript/fileName/ConfigBuildingSeaPortEditor.cs: eb443454aeaad3b9e2c7e48e4f6e2725 -> 27829fc474f0da862faf445eb44e769a
  custom:scripting/monoscript/fileName/BuildingCity.cs: 6cbeaf0f142b302771f49f537c1ae887 -> 575f45f824575b8cd9066e562cb09a5e
  custom:scripting/monoscript/fileName/IBuildingBorderMarket.cs: 594161a32b559d878a1f05a2abd0e210 -> 5b250884df4260da51fdf978e5ecd7c6
  custom:scripting/monoscript/fileName/ConfigBuildingCityEditor.cs: 829b70d1622342e6f08ea9dae7c33287 -> f6ad22e3eeb7f240b987d3b4538f38b2
  custom:scripting/monoscript/fileName/IEnergyConsumption.cs: 0c6fcf6ee264ab17ae5c9f717328171d -> 186ad48b45242281a312e918837a8e1e
  custom:audio-encoder-webm-vorbis: bf7c407c2cedff20999df2af8eb42d56 -> 
  custom:scripting/monoscript/fileName/CitySellDrugs.cs: bd219b73de04a48a50e9d54442a2e404 -> 
  custom:scripting/monoscript/fileName/ConfigBuildingStockEditor.cs: f5f4aa65a2c72e600ba61f0d04e148df -> 94299be7aa884ddbde343ac37ce7d088
  custom:scripting/monoscript/fileName/ConfigBuildingFarmEditor.cs: 1f1288b47496ecb1368df13af3530777 -> 18bb90b870db91270e95b9268d18b4ca
  custom:scripting/monoscript/fileName/BuildingFabric.cs: 55cdb367028f97295af15643754e90b2 -> d1dda8ab7d19177659cac33de1f0f5f1
========================================================================
Received Prepare
Begin MonoManager ReloadAssembly
Symbol file LoadedFromMemory is not a mono symbol file
- Loaded All Assemblies, in  0.943 seconds
Refreshing native plugins compatible for Editor in 6.28 ms, found 1 plugins.
Native extension for LinuxStandalone target not found
System.InvalidOperationException: Sequence contains no matching element
  at System.Linq.Enumerable.Single[TSource] (System.Collections.Generic.IEnumerable`1[T] source, System.Func`2[T,TResult] predicate) [0x00070] in <a79cc8e8f2fb480a99a2e55ce6bcd4b6>:0 
  at AdvancedCoroutineInitializer.ApplyExecutionOrderToScript (System.String sctiptName, System.Int32 exucutionIndex) [0x0000d] in /home/black/GitHub/Mexico-Tycoon-Last/Assets/Plugins/AdvancedCoroutines/AdvancedCoroutineInitializer.cs:27 
  at AdvancedCoroutineInitializer..cctor () [0x0001f] in /home/black/GitHub/Mexico-Tycoon-Last/Assets/Plugins/AdvancedCoroutines/AdvancedCoroutineInitializer.cs:21 
UnityEngine.StackTraceUtility:ExtractStackTrace () (at /home/bokken/build/output/unity/unity/Runtime/Export/Scripting/StackTrace.cs:37)
UnityEngine.DebugLogHandler:LogFormat (UnityEngine.LogType,UnityEngine.Object,string,object[])
UnityEngine.Logger:Log (UnityEngine.LogType,object)
UnityEngine.Debug:LogError (object)
UnityEditor.EditorAssemblies:ProcessInitializeOnLoadAttributes (System.Type[]) (at /home/bokken/build/output/unity/unity/Editor/Mono/EditorAssemblies.cs:127)

(Filename: /home/bokken/build/output/unity/unity/Editor/Mono/EditorAssemblies.cs Line: 127)

[Package Manager] Server::EnsureServerProcessIsRunning -- launch failed, reason: Unity was launched with the -noUpm command-line argument
[Package Manager] UpmClient::Send -- Unable to send message (not connected to UPM process).
[Package Manager] Cannot connect to Unity Package Manager local server
Mono: successfully reloaded assembly
- Finished resetting the current domain, in  3.582 seconds
Domain Reload Profiling: 4522ms
	BeginReloadAssembly (288ms)
		ExecutionOrderSort (0ms)
		DisableScriptedObjects (35ms)
		BackupInstance (0ms)
		ReleaseScriptingObjects (0ms)
		CreateAndSetChildDomain (93ms)
	RebuildCommonClasses (73ms)
	RebuildNativeTypeToScriptingClass (19ms)
	initialDomainReloadingComplete (64ms)
	LoadAllAssembliesAndSetupDomain (494ms)
		LoadAssemblies (518ms)
		RebuildTransferFunctionScriptingTraits (0ms)
		AnalyzeDomain (74ms)
			TypeCache.Refresh (22ms)
				TypeCache.ScanAssembly (2ms)
			ScanForSourceGeneratedMonoScriptInfo (37ms)
			ResolveRequiredComponents (15ms)
	FinalizeReload (3583ms)
		ReleaseScriptCaches (0ms)
		RebuildScriptCaches (0ms)
		SetupLoadedEditorAssemblies (2513ms)
			LogAssemblyErrors (0ms)
			InitializePlatformSupportModulesInManaged (59ms)
			SetLoadedEditorAssemblies (14ms)
			RefreshPlugins (0ms)
			BeforeProcessingInitializeOnLoad (203ms)
			ProcessInitializeOnLoadAttributes (1276ms)
			ProcessInitializeOnLoadMethodAttributes (950ms)
			AfterProcessingInitializeOnLoad (11ms)
			EditorAssembliesLoaded (0ms)
		ExecutionOrderSort2 (0ms)
		AwakeInstancesAfterBackupRestoration (24ms)
Refreshing native plugins compatible for Editor in 7.20 ms, found 1 plugins.
Preloading 0 native plugins for Editor in 0.00 ms.
Unloading 5568 Unused Serialized files (Serialized files now loaded: 0)
Unloading 57 unused Assets / (404.0 KB). Loaded Objects now: 6133.
Memory consumption went from 174.9 MB to 174.6 MB.
Total: 44.961285 ms (FindLiveObjects: 0.491566 ms CreateObjectMapping: 0.308094 ms MarkObjects: 43.889921 ms  DeleteObjects: 0.269056 ms)

Prepare: number of updated asset objects reloaded= 0
AssetImportParameters requested are different than current active one (requested -> active):
  custom:container-demuxer-ogg: 62fdf1f143b41e24485cea50d1cbac27 -> 
  custom:video-decoder-ogg-theora: a1e56fd34408186e4bbccfd4996cb3dc -> 
  custom:scripting/monoscript/fileName/IBuildingMonitorEnergy.cs: 4ffe77d8aa3c87085e03141569a3ed13 -> 06b831d380debb0ec0f699a9ddf0d1bb
  custom:scripting/monoscript/fileName/BuildingSeaPort.cs: aa5e8e89526962d9c4bcf2d5996b2bbe -> c88a707282d93ac8b0347d501af0ea22
  custom:scripting/monoscript/fileName/BuildingAerodrome.cs: 7cb58f8d7df59dbd10fdba22de17584c -> c00d798f695b533871137840f71c1ae4
  custom:scripting/monoscript/fileName/BuildingControl.cs: 87c56d8eed48dd646a9279778438e064 -> 6db9d0aa861069f2789d9173ec68bc8e
  custom:CustomObjectIndexerAttribute: 306bfa6df2d96854e1ebb52f3ddacab7 -> 
  custom:scripting/monoscript/fileName/BuildingMonitorEnergy.cs: 299a4d52ac876c48f797728467902698 -> 2106f9612d5f91de4c7d352de0dde2ea
  custom:container-demuxer-webm: 4f35f7cbe854078d1ac9338744f61a02 -> 
  custom:scripting/monoscript/fileName/RouteBuilderControl.cs: 3cbb7204704c80ebc3a28cd2e391c25a -> 098fd5a0fa3efd7128942a5e6955a126
  custom:scripting/monoscript/fileName/BuildingStock.cs: 8bcf47d0c7fc211e72211b947200b489 -> 52343860fae15eb6eb5dedafc3eeff05
  custom:scripting/monoscript/fileName/BuildingFarm.cs: 5c29c07bd8678ffcac23de6e43393617 -> 93bf831e6747613b58121a9c35b8bd7b
  custom:scripting/monoscript/fileName/ConfigBuildingAerodromeEditor.cs: ffe00feafdddd29fe0fb373f82385c74 -> 8636051c4c48faaa160757857ef435fb
  custom:container-muxer-webm: aa71ff27fc2769a1b78a27578f13a17b -> 
  custom:video-decoder-webm-vp8: 9c59270c3fd7afecdb556c50c9e8de78 -> 
  custom:SearchIndexIgnoredProperties: e643bd26f0fe6173181afceb89e7c659 -> 
  custom:AudioImporter_EditorPlatform: 2f0ff77a95e0ac474e3e8eeba4e2f7cb -> 
  custom:scripting/monoscript/fileName/IBuilding.cs: 98cbf682db22b12e28ebe9d970640575 -> 494e67411aa8ce5ab531fb1beaf09db2
  custom:scripting/monoscript/fileName/IBuildingJobStatus.cs: 03945a3784e182b39e7dbe610767c095 -> 6b0601ef70b8ff44f11134e6e3872c6e
  custom:scripting/monoscript/fileName/BuildingBorderMarket.cs: b321ca6b94bd049e91cbc5720ef372d6 -> de685576eab7d4c8a13d3586c7590bf8
  custom:scripting/monoscript/fileName/ConfigBuildingFabricEditor.cs: a4bc31141afa7899362bdf39d35ab936 -> 3c510ffd33dfa53d2b5255584ad019d0
  custom:scripting/monoscript/fileName/ConfigBuildingBorderEditor.cs: 12044aa8ab62ae24cbddb53288d37e6a -> 0ac137042bfd06fda2fd2227c6ebb2b4
  custom:scripting/monoscript/fileName/CityPopulationReproduction.cs: e334140bb9d311dc888a5eb53913ad88 -> 2189c08557bab35d5dd1d4d83cc12f1b
  custom:video-encoder-webm-vp8: eb34c28f22e8b96e1ab97ce403110664 -> 
  custom:scripting/monoscript/fileName/IBuildingPurchased.cs: 2f5a15a18d833ebda778318a50e2ac45 -> a8a1581b055d00f585148229da6f5b18
  custom:scripting/monoscript/fileName/IChangedFarmType.cs: 3ea5da0162922298d56ef415d4052be8 -> e174619f746fae3748b81e0135bc87bd
  custom:audio-decoder-ogg-vorbis: bf7c407c2cedff20999df2af8eb42d56 -> 
  custom:scripting/monoscript/fileName/BuildingBorder.cs: bfbc6316f814e1c7a055a55a79399ba6 -> 4054148fbc7a75270aad07f910599969
  custom:scripting/monoscript/fileName/ConfigBuildingSeaPortEditor.cs: eb443454aeaad3b9e2c7e48e4f6e2725 -> 27829fc474f0da862faf445eb44e769a
  custom:scripting/monoscript/fileName/BuildingCity.cs: 6cbeaf0f142b302771f49f537c1ae887 -> 575f45f824575b8cd9066e562cb09a5e
  custom:scripting/monoscript/fileName/IBuildingBorderMarket.cs: 594161a32b559d878a1f05a2abd0e210 -> 5b250884df4260da51fdf978e5ecd7c6
  custom:scripting/monoscript/fileName/ConfigBuildingCityEditor.cs: 829b70d1622342e6f08ea9dae7c33287 -> f6ad22e3eeb7f240b987d3b4538f38b2
  custom:scripting/monoscript/fileName/IEnergyConsumption.cs: 0c6fcf6ee264ab17ae5c9f717328171d -> 186ad48b45242281a312e918837a8e1e
  custom:audio-encoder-webm-vorbis: bf7c407c2cedff20999df2af8eb42d56 -> 
  custom:scripting/monoscript/fileName/CitySellDrugs.cs: bd219b73de04a48a50e9d54442a2e404 -> 
  custom:scripting/monoscript/fileName/ConfigBuildingStockEditor.cs: f5f4aa65a2c72e600ba61f0d04e148df -> 94299be7aa884ddbde343ac37ce7d088
  custom:scripting/monoscript/fileName/ConfigBuildingFarmEditor.cs: 1f1288b47496ecb1368df13af3530777 -> 18bb90b870db91270e95b9268d18b4ca
  custom:scripting/monoscript/fileName/BuildingFabric.cs: 55cdb367028f97295af15643754e90b2 -> d1dda8ab7d19177659cac33de1f0f5f1
========================================================================
Received Import Request.
  Time since last request: 23892.530730 seconds.
  path: Assets/Scripts/Buildings/Config/City/Business
  artifactKey: Guid(b1567566ab3ce6dc499e1680f1b537fa) Importer(815301076,1909f56bfc062723c751e8b465ee728b)
Start importing Assets/Scripts/Buildings/Config/City/Business using Guid(b1567566ab3ce6dc499e1680f1b537fa) Importer(815301076,1909f56bfc062723c751e8b465ee728b)  -> (artifact id: '5d2ea5175ecbe3c8238d2c4620f428af') in 0.003623 seconds
Number of updated asset objects reloaded before import = 0
Number of asset objects unloaded after import = 0
========================================================================
Received Import Request.
  Time since last request: 41.972066 seconds.
  path: Assets/Scripts/Buildings/Config/City/Business/ConfigCityBusinessEditor.cs
  artifactKey: Guid(0dad022f89e5d9a19b81c05068a28ad9) Importer(815301076,1909f56bfc062723c751e8b465ee728b)
Start importing Assets/Scripts/Buildings/Config/City/Business/ConfigCityBusinessEditor.cs using Guid(0dad022f89e5d9a19b81c05068a28ad9) Importer(815301076,1909f56bfc062723c751e8b465ee728b)  -> (artifact id: 'd42bf478114068ff8d913daed5d4d779') in 0.002391 seconds
Number of updated asset objects reloaded before import = 0
Number of asset objects unloaded after import = 0
========================================================================
Received Prepare
Begin MonoManager ReloadAssembly
Symbol file LoadedFromMemory is not a mono symbol file
- Loaded All Assemblies, in  0.983 seconds
Refreshing native plugins compatible for Editor in 5.98 ms, found 1 plugins.
Native extension for LinuxStandalone target not found
System.InvalidOperationException: Sequence contains no matching element
  at System.Linq.Enumerable.Single[TSource] (System.Collections.Generic.IEnumerable`1[T] source, System.Func`2[T,TResult] predicate) [0x00070] in <a79cc8e8f2fb480a99a2e55ce6bcd4b6>:0 
  at AdvancedCoroutineInitializer.ApplyExecutionOrderToScript (System.String sctiptName, System.Int32 exucutionIndex) [0x0000d] in /home/black/GitHub/Mexico-Tycoon-Last/Assets/Plugins/AdvancedCoroutines/AdvancedCoroutineInitializer.cs:27 
  at AdvancedCoroutineInitializer..cctor () [0x0001f] in /home/black/GitHub/Mexico-Tycoon-Last/Assets/Plugins/AdvancedCoroutines/AdvancedCoroutineInitializer.cs:21 
UnityEngine.StackTraceUtility:ExtractStackTrace () (at /home/bokken/build/output/unity/unity/Runtime/Export/Scripting/StackTrace.cs:37)
UnityEngine.DebugLogHandler:LogFormat (UnityEngine.LogType,UnityEngine.Object,string,object[])
UnityEngine.Logger:Log (UnityEngine.LogType,object)
UnityEngine.Debug:LogError (object)
UnityEditor.EditorAssemblies:ProcessInitializeOnLoadAttributes (System.Type[]) (at /home/bokken/build/output/unity/unity/Editor/Mono/EditorAssemblies.cs:127)

(Filename: /home/bokken/build/output/unity/unity/Editor/Mono/EditorAssemblies.cs Line: 127)

[Package Manager] Server::EnsureServerProcessIsRunning -- launch failed, reason: Unity was launched with the -noUpm command-line argument
[Package Manager] UpmClient::Send -- Unable to send message (not connected to UPM process).
[Package Manager] Cannot connect to Unity Package Manager local server
Mono: successfully reloaded assembly
- Finished resetting the current domain, in  3.758 seconds
Domain Reload Profiling: 4737ms
	BeginReloadAssembly (304ms)
		ExecutionOrderSort (0ms)
		DisableScriptedObjects (24ms)
		BackupInstance (0ms)
		ReleaseScriptingObjects (0ms)
		CreateAndSetChildDomain (96ms)
	RebuildCommonClasses (102ms)
	RebuildNativeTypeToScriptingClass (35ms)
	initialDomainReloadingComplete (66ms)
	LoadAllAssembliesAndSetupDomain (471ms)
		LoadAssemblies (526ms)
		RebuildTransferFunctionScriptingTraits (0ms)
		AnalyzeDomain (75ms)
			TypeCache.Refresh (22ms)
				TypeCache.ScanAssembly (2ms)
			ScanForSourceGeneratedMonoScriptInfo (37ms)
			ResolveRequiredComponents (15ms)
	FinalizeReload (3759ms)
		ReleaseScriptCaches (0ms)
		RebuildScriptCaches (0ms)
		SetupLoadedEditorAssemblies (2723ms)
			LogAssemblyErrors (0ms)
			InitializePlatformSupportModulesInManaged (57ms)
			SetLoadedEditorAssemblies (14ms)
			RefreshPlugins (0ms)
			BeforeProcessingInitializeOnLoad (257ms)
			ProcessInitializeOnLoadAttributes (1162ms)
			ProcessInitializeOnLoadMethodAttributes (1220ms)
			AfterProcessingInitializeOnLoad (12ms)
			EditorAssembliesLoaded (1ms)
		ExecutionOrderSort2 (0ms)
		AwakeInstancesAfterBackupRestoration (26ms)
Refreshing native plugins compatible for Editor in 10.36 ms, found 1 plugins.
Preloading 0 native plugins for Editor in 0.00 ms.
Unloading 5568 Unused Serialized files (Serialized files now loaded: 0)
Unloading 57 unused Assets / (404.0 KB). Loaded Objects now: 6138.
Memory consumption went from 174.7 MB to 174.3 MB.
Total: 66.450638 ms (FindLiveObjects: 0.692019 ms CreateObjectMapping: 0.412697 ms MarkObjects: 64.992587 ms  DeleteObjects: 0.350254 ms)

Prepare: number of updated asset objects reloaded= 0
AssetImportParameters requested are different than current active one (requested -> active):
  custom:container-demuxer-ogg: 62fdf1f143b41e24485cea50d1cbac27 -> 
  custom:video-decoder-ogg-theora: a1e56fd34408186e4bbccfd4996cb3dc -> 
  custom:scripting/monoscript/fileName/IBuildingMonitorEnergy.cs: 4ffe77d8aa3c87085e03141569a3ed13 -> 06b831d380debb0ec0f699a9ddf0d1bb
  custom:scripting/monoscript/fileName/BuildingSeaPort.cs: aa5e8e89526962d9c4bcf2d5996b2bbe -> c88a707282d93ac8b0347d501af0ea22
  custom:scripting/monoscript/fileName/BuildingAerodrome.cs: 7cb58f8d7df59dbd10fdba22de17584c -> c00d798f695b533871137840f71c1ae4
  custom:scripting/monoscript/fileName/BuildingControl.cs: 87c56d8eed48dd646a9279778438e064 -> 6db9d0aa861069f2789d9173ec68bc8e
  custom:CustomObjectIndexerAttribute: 306bfa6df2d96854e1ebb52f3ddacab7 -> 
  custom:scripting/monoscript/fileName/BuildingMonitorEnergy.cs: 299a4d52ac876c48f797728467902698 -> 2106f9612d5f91de4c7d352de0dde2ea
  custom:container-demuxer-webm: 4f35f7cbe854078d1ac9338744f61a02 -> 
  custom:scripting/monoscript/fileName/RouteBuilderControl.cs: 3cbb7204704c80ebc3a28cd2e391c25a -> 098fd5a0fa3efd7128942a5e6955a126
  custom:scripting/monoscript/fileName/BuildingStock.cs: 8bcf47d0c7fc211e72211b947200b489 -> 52343860fae15eb6eb5dedafc3eeff05
  custom:scripting/monoscript/fileName/BuildingFarm.cs: 5c29c07bd8678ffcac23de6e43393617 -> 93bf831e6747613b58121a9c35b8bd7b
  custom:scripting/monoscript/fileName/ConfigBuildingAerodromeEditor.cs: ffe00feafdddd29fe0fb373f82385c74 -> 8636051c4c48faaa160757857ef435fb
  custom:container-muxer-webm: aa71ff27fc2769a1b78a27578f13a17b -> 
  custom:video-decoder-webm-vp8: 9c59270c3fd7afecdb556c50c9e8de78 -> 
  custom:SearchIndexIgnoredProperties: e643bd26f0fe6173181afceb89e7c659 -> 
  custom:AudioImporter_EditorPlatform: 2f0ff77a95e0ac474e3e8eeba4e2f7cb -> 
  custom:scripting/monoscript/fileName/IBuilding.cs: 98cbf682db22b12e28ebe9d970640575 -> 494e67411aa8ce5ab531fb1beaf09db2
  custom:scripting/monoscript/fileName/IBuildingJobStatus.cs: 03945a3784e182b39e7dbe610767c095 -> 6b0601ef70b8ff44f11134e6e3872c6e
  custom:scripting/monoscript/fileName/BuildingBorderMarket.cs: b321ca6b94bd049e91cbc5720ef372d6 -> de685576eab7d4c8a13d3586c7590bf8
  custom:scripting/monoscript/fileName/ConfigBuildingFabricEditor.cs: a4bc31141afa7899362bdf39d35ab936 -> 3c510ffd33dfa53d2b5255584ad019d0
  custom:scripting/monoscript/fileName/ConfigBuildingBorderEditor.cs: 12044aa8ab62ae24cbddb53288d37e6a -> 0ac137042bfd06fda2fd2227c6ebb2b4
  custom:scripting/monoscript/fileName/CityPopulationReproduction.cs: e334140bb9d311dc888a5eb53913ad88 -> 2189c08557bab35d5dd1d4d83cc12f1b
  custom:video-encoder-webm-vp8: eb34c28f22e8b96e1ab97ce403110664 -> 
  custom:scripting/monoscript/fileName/IBuildingPurchased.cs: 2f5a15a18d833ebda778318a50e2ac45 -> a8a1581b055d00f585148229da6f5b18
  custom:scripting/monoscript/fileName/IChangedFarmType.cs: 3ea5da0162922298d56ef415d4052be8 -> e174619f746fae3748b81e0135bc87bd
  custom:audio-decoder-ogg-vorbis: bf7c407c2cedff20999df2af8eb42d56 -> 
  custom:scripting/monoscript/fileName/BuildingBorder.cs: bfbc6316f814e1c7a055a55a79399ba6 -> 4054148fbc7a75270aad07f910599969
  custom:scripting/monoscript/fileName/ConfigBuildingSeaPortEditor.cs: eb443454aeaad3b9e2c7e48e4f6e2725 -> 27829fc474f0da862faf445eb44e769a
  custom:scripting/monoscript/fileName/BuildingCity.cs: 6cbeaf0f142b302771f49f537c1ae887 -> 575f45f824575b8cd9066e562cb09a5e
  custom:scripting/monoscript/fileName/IBuildingBorderMarket.cs: 594161a32b559d878a1f05a2abd0e210 -> 5b250884df4260da51fdf978e5ecd7c6
  custom:scripting/monoscript/fileName/ConfigBuildingCityEditor.cs: 829b70d1622342e6f08ea9dae7c33287 -> f6ad22e3eeb7f240b987d3b4538f38b2
  custom:scripting/monoscript/fileName/IEnergyConsumption.cs: 0c6fcf6ee264ab17ae5c9f717328171d -> 186ad48b45242281a312e918837a8e1e
  custom:audio-encoder-webm-vorbis: bf7c407c2cedff20999df2af8eb42d56 -> 
  custom:scripting/monoscript/fileName/CitySellDrugs.cs: bd219b73de04a48a50e9d54442a2e404 -> 
  custom:scripting/monoscript/fileName/ConfigBuildingStockEditor.cs: f5f4aa65a2c72e600ba61f0d04e148df -> 94299be7aa884ddbde343ac37ce7d088
  custom:scripting/monoscript/fileName/ConfigBuildingFarmEditor.cs: 1f1288b47496ecb1368df13af3530777 -> 18bb90b870db91270e95b9268d18b4ca
  custom:scripting/monoscript/fileName/BuildingFabric.cs: 55cdb367028f97295af15643754e90b2 -> d1dda8ab7d19177659cac33de1f0f5f1
========================================================================
Received Import Request.
  Time since last request: 22.640068 seconds.
  path: Assets/Scripts/Buildings/Config/City/Business/ConfigCityBusinessEditor.cs
  artifactKey: Guid(0dad022f89e5d9a19b81c05068a28ad9) Importer(815301076,1909f56bfc062723c751e8b465ee728b)
Start importing Assets/Scripts/Buildings/Config/City/Business/ConfigCityBusinessEditor.cs using Guid(0dad022f89e5d9a19b81c05068a28ad9) Importer(815301076,1909f56bfc062723c751e8b465ee728b)  -> (artifact id: '530d6d75a06794e49be513ffb6800723') in 0.003018 seconds
Number of updated asset objects reloaded before import = 0
Number of asset objects unloaded after import = 0
========================================================================
Received Prepare
Begin MonoManager ReloadAssembly
Symbol file LoadedFromMemory is not a mono symbol file
- Loaded All Assemblies, in  0.885 seconds
Refreshing native plugins compatible for Editor in 5.86 ms, found 1 plugins.
Native extension for LinuxStandalone target not found
System.InvalidOperationException: Sequence contains no matching element
  at System.Linq.Enumerable.Single[TSource] (System.Collections.Generic.IEnumerable`1[T] source, System.Func`2[T,TResult] predicate) [0x00070] in <a79cc8e8f2fb480a99a2e55ce6bcd4b6>:0 
  at AdvancedCoroutineInitializer.ApplyExecutionOrderToScript (System.String sctiptName, System.Int32 exucutionIndex) [0x0000d] in /home/black/GitHub/Mexico-Tycoon-Last/Assets/Plugins/AdvancedCoroutines/AdvancedCoroutineInitializer.cs:27 
  at AdvancedCoroutineInitializer..cctor () [0x0001f] in /home/black/GitHub/Mexico-Tycoon-Last/Assets/Plugins/AdvancedCoroutines/AdvancedCoroutineInitializer.cs:21 
UnityEngine.StackTraceUtility:ExtractStackTrace () (at /home/bokken/build/output/unity/unity/Runtime/Export/Scripting/StackTrace.cs:37)
UnityEngine.DebugLogHandler:LogFormat (UnityEngine.LogType,UnityEngine.Object,string,object[])
UnityEngine.Logger:Log (UnityEngine.LogType,object)
UnityEngine.Debug:LogError (object)
UnityEditor.EditorAssemblies:ProcessInitializeOnLoadAttributes (System.Type[]) (at /home/bokken/build/output/unity/unity/Editor/Mono/EditorAssemblies.cs:127)

(Filename: /home/bokken/build/output/unity/unity/Editor/Mono/EditorAssemblies.cs Line: 127)

[Package Manager] Server::EnsureServerProcessIsRunning -- launch failed, reason: Unity was launched with the -noUpm command-line argument
[Package Manager] UpmClient::Send -- Unable to send message (not connected to UPM process).
[Package Manager] Cannot connect to Unity Package Manager local server
Mono: successfully reloaded assembly
- Finished resetting the current domain, in  3.730 seconds
Domain Reload Profiling: 4613ms
	BeginReloadAssembly (266ms)
		ExecutionOrderSort (0ms)
		DisableScriptedObjects (23ms)
		BackupInstance (0ms)
		ReleaseScriptingObjects (0ms)
		CreateAndSetChildDomain (96ms)
	RebuildCommonClasses (73ms)
	RebuildNativeTypeToScriptingClass (20ms)
	initialDomainReloadingComplete (62ms)
	LoadAllAssembliesAndSetupDomain (460ms)
		LoadAssemblies (481ms)
		RebuildTransferFunctionScriptingTraits (0ms)
		AnalyzeDomain (74ms)
			TypeCache.Refresh (22ms)
				TypeCache.ScanAssembly (2ms)
			ScanForSourceGeneratedMonoScriptInfo (37ms)
			ResolveRequiredComponents (15ms)
	FinalizeReload (3732ms)
		ReleaseScriptCaches (0ms)
		RebuildScriptCaches (0ms)
		SetupLoadedEditorAssemblies (2686ms)
			LogAssemblyErrors (0ms)
			InitializePlatformSupportModulesInManaged (57ms)
			SetLoadedEditorAssemblies (13ms)
			RefreshPlugins (0ms)
			BeforeProcessingInitializeOnLoad (194ms)
			ProcessInitializeOnLoadAttributes (1224ms)
			ProcessInitializeOnLoadMethodAttributes (1183ms)
			AfterProcessingInitializeOnLoad (14ms)
			EditorAssembliesLoaded (1ms)
		ExecutionOrderSort2 (0ms)
		AwakeInstancesAfterBackupRestoration (36ms)
Refreshing native plugins compatible for Editor in 6.02 ms, found 1 plugins.
Preloading 0 native plugins for Editor in 0.00 ms.
Unloading 5568 Unused Serialized files (Serialized files now loaded: 0)
Unloading 57 unused Assets / (405.0 KB). Loaded Objects now: 6142.
Memory consumption went from 174.7 MB to 174.3 MB.
Total: 41.539548 ms (FindLiveObjects: 0.500799 ms CreateObjectMapping: 0.335294 ms MarkObjects: 40.302105 ms  DeleteObjects: 0.398514 ms)

Prepare: number of updated asset objects reloaded= 0
AssetImportParameters requested are different than current active one (requested -> active):
  custom:container-demuxer-ogg: 62fdf1f143b41e24485cea50d1cbac27 -> 
  custom:video-decoder-ogg-theora: a1e56fd34408186e4bbccfd4996cb3dc -> 
  custom:scripting/monoscript/fileName/IBuildingMonitorEnergy.cs: 4ffe77d8aa3c87085e03141569a3ed13 -> 06b831d380debb0ec0f699a9ddf0d1bb
  custom:scripting/monoscript/fileName/BuildingSeaPort.cs: aa5e8e89526962d9c4bcf2d5996b2bbe -> c88a707282d93ac8b0347d501af0ea22
  custom:scripting/monoscript/fileName/BuildingAerodrome.cs: 7cb58f8d7df59dbd10fdba22de17584c -> c00d798f695b533871137840f71c1ae4
  custom:scripting/monoscript/fileName/BuildingControl.cs: 87c56d8eed48dd646a9279778438e064 -> 6db9d0aa861069f2789d9173ec68bc8e
  custom:CustomObjectIndexerAttribute: 306bfa6df2d96854e1ebb52f3ddacab7 -> 
  custom:scripting/monoscript/fileName/BuildingMonitorEnergy.cs: 299a4d52ac876c48f797728467902698 -> 2106f9612d5f91de4c7d352de0dde2ea
  custom:container-demuxer-webm: 4f35f7cbe854078d1ac9338744f61a02 -> 
  custom:scripting/monoscript/fileName/RouteBuilderControl.cs: 3cbb7204704c80ebc3a28cd2e391c25a -> 098fd5a0fa3efd7128942a5e6955a126
  custom:scripting/monoscript/fileName/BuildingStock.cs: 8bcf47d0c7fc211e72211b947200b489 -> 52343860fae15eb6eb5dedafc3eeff05
  custom:scripting/monoscript/fileName/BuildingFarm.cs: 5c29c07bd8678ffcac23de6e43393617 -> 93bf831e6747613b58121a9c35b8bd7b
  custom:scripting/monoscript/fileName/ConfigBuildingAerodromeEditor.cs: ffe00feafdddd29fe0fb373f82385c74 -> 8636051c4c48faaa160757857ef435fb
  custom:container-muxer-webm: aa71ff27fc2769a1b78a27578f13a17b -> 
  custom:video-decoder-webm-vp8: 9c59270c3fd7afecdb556c50c9e8de78 -> 
  custom:SearchIndexIgnoredProperties: e643bd26f0fe6173181afceb89e7c659 -> 
  custom:AudioImporter_EditorPlatform: 2f0ff77a95e0ac474e3e8eeba4e2f7cb -> 
  custom:scripting/monoscript/fileName/IBuilding.cs: 98cbf682db22b12e28ebe9d970640575 -> 494e67411aa8ce5ab531fb1beaf09db2
  custom:scripting/monoscript/fileName/IBuildingJobStatus.cs: 03945a3784e182b39e7dbe610767c095 -> 6b0601ef70b8ff44f11134e6e3872c6e
  custom:scripting/monoscript/fileName/BuildingBorderMarket.cs: b321ca6b94bd049e91cbc5720ef372d6 -> de685576eab7d4c8a13d3586c7590bf8
  custom:scripting/monoscript/fileName/ConfigBuildingFabricEditor.cs: a4bc31141afa7899362bdf39d35ab936 -> 3c510ffd33dfa53d2b5255584ad019d0
  custom:scripting/monoscript/fileName/ConfigBuildingBorderEditor.cs: 12044aa8ab62ae24cbddb53288d37e6a -> 0ac137042bfd06fda2fd2227c6ebb2b4
  custom:scripting/monoscript/fileName/CityPopulationReproduction.cs: e334140bb9d311dc888a5eb53913ad88 -> 2189c08557bab35d5dd1d4d83cc12f1b
  custom:video-encoder-webm-vp8: eb34c28f22e8b96e1ab97ce403110664 -> 
  custom:scripting/monoscript/fileName/IBuildingPurchased.cs: 2f5a15a18d833ebda778318a50e2ac45 -> a8a1581b055d00f585148229da6f5b18
  custom:scripting/monoscript/fileName/IChangedFarmType.cs: 3ea5da0162922298d56ef415d4052be8 -> e174619f746fae3748b81e0135bc87bd
  custom:audio-decoder-ogg-vorbis: bf7c407c2cedff20999df2af8eb42d56 -> 
  custom:scripting/monoscript/fileName/BuildingBorder.cs: bfbc6316f814e1c7a055a55a79399ba6 -> 4054148fbc7a75270aad07f910599969
  custom:scripting/monoscript/fileName/ConfigBuildingSeaPortEditor.cs: eb443454aeaad3b9e2c7e48e4f6e2725 -> 27829fc474f0da862faf445eb44e769a
  custom:scripting/monoscript/fileName/BuildingCity.cs: 6cbeaf0f142b302771f49f537c1ae887 -> 575f45f824575b8cd9066e562cb09a5e
  custom:scripting/monoscript/fileName/IBuildingBorderMarket.cs: 594161a32b559d878a1f05a2abd0e210 -> 5b250884df4260da51fdf978e5ecd7c6
  custom:scripting/monoscript/fileName/ConfigBuildingCityEditor.cs: 829b70d1622342e6f08ea9dae7c33287 -> f6ad22e3eeb7f240b987d3b4538f38b2
  custom:scripting/monoscript/fileName/IEnergyConsumption.cs: 0c6fcf6ee264ab17ae5c9f717328171d -> 186ad48b45242281a312e918837a8e1e
  custom:audio-encoder-webm-vorbis: bf7c407c2cedff20999df2af8eb42d56 -> 
  custom:scripting/monoscript/fileName/CitySellDrugs.cs: bd219b73de04a48a50e9d54442a2e404 -> 
  custom:scripting/monoscript/fileName/ConfigBuildingStockEditor.cs: f5f4aa65a2c72e600ba61f0d04e148df -> 94299be7aa884ddbde343ac37ce7d088
  custom:scripting/monoscript/fileName/ConfigBuildingFarmEditor.cs: 1f1288b47496ecb1368df13af3530777 -> 18bb90b870db91270e95b9268d18b4ca
  custom:scripting/monoscript/fileName/BuildingFabric.cs: 55cdb367028f97295af15643754e90b2 -> d1dda8ab7d19177659cac33de1f0f5f1
========================================================================
Received Import Request.
  Time since last request: 1048.179351 seconds.
  path: Assets/Scripts/Buildings/Config/City/Business/ConfigCityBusinessEditor.cs
  artifactKey: Guid(0dad022f89e5d9a19b81c05068a28ad9) Importer(815301076,1909f56bfc062723c751e8b465ee728b)
Start importing Assets/Scripts/Buildings/Config/City/Business/ConfigCityBusinessEditor.cs using Guid(0dad022f89e5d9a19b81c05068a28ad9) Importer(815301076,1909f56bfc062723c751e8b465ee728b)  -> (artifact id: 'ef0eb4351fd57ed53e378d303e8f3aea') in 0.003855 seconds
Number of updated asset objects reloaded before import = 0
Number of asset objects unloaded after import = 0
========================================================================
Received Import Request.
  Time since last request: 130.186602 seconds.
  path: Assets/Resources/Configs/Buildings/City/Business
  artifactKey: Guid(a8b2b90f69b62719782c5ca2ea018ed5) Importer(815301076,1909f56bfc062723c751e8b465ee728b)
Start importing Assets/Resources/Configs/Buildings/City/Business using Guid(a8b2b90f69b62719782c5ca2ea018ed5) Importer(815301076,1909f56bfc062723c751e8b465ee728b)  -> (artifact id: '612fed44be5fc5c3ebc047598f4f51a2') in 0.001226 seconds
Number of updated asset objects reloaded before import = 0
Number of asset objects unloaded after import = 0
========================================================================
Received Import Request.
  Time since last request: 13.539857 seconds.
  path: Assets/Resources/Configs/Buildings/City/Business/CityBusinessCarWash.asset
  artifactKey: Guid(339b3b99907d29836b64034a34e32dc4) Importer(815301076,1909f56bfc062723c751e8b465ee728b)
Start importing Assets/Resources/Configs/Buildings/City/Business/CityBusinessCarWash.asset using Guid(339b3b99907d29836b64034a34e32dc4) Importer(815301076,1909f56bfc062723c751e8b465ee728b)  -> (artifact id: '27e5eb13006e0275657d316a854e4fe6') in 0.020872 seconds
Number of updated asset objects reloaded before import = 0
Number of asset objects unloaded after import = 1
